#
# There is insufficient memory for the Java Runtime Environment to continue.
# Native memory allocation (malloc) failed to allocate 32744 bytes for ChunkPool::allocate
# Possible reasons:
#   The system is out of physical RAM or swap space
#   The process is running with CompressedOops enabled, and the Java Heap may be blocking the growth of the native heap
# Possible solutions:
#   Reduce memory load on the system
#   Increase physical memory or swap space
#   Check if swap backing store is full
#   Decrease Java heap size (-Xmx/-Xms)
#   Decrease number of Java threads
#   Decrease Java thread stack sizes (-Xss)
#   Set larger code cache with -XX:ReservedCodeCacheSize=
#   JVM is running with Unscaled Compressed Oops mode in which the Java heap is
#     placed in the first 4GB address space. The Java Heap base address is the
#     maximum limit for the native heap growth. Please use -XX:HeapBaseMinAddress
#     to set the Java Heap base and to place the Java Heap above 4GB virtual address.
# This output file may be truncated or incomplete.
#
#  Out of Memory Error (allocation.cpp:272), pid=5716, tid=0x000000000000246c
#
# JRE version: Java(TM) SE Runtime Environment (8.0_241-b07) (build 1.8.0_241-b07)
# Java VM: Java HotSpot(TM) 64-Bit Server VM (25.241-b07 mixed mode windows-amd64 compressed oops)
# Failed to write core dump. Minidumps are not enabled by default on client versions of Windows
#

---------------  T H R E A D  ---------------

Current thread (0x0000000019cfe000):  JavaThread "C2 CompilerThread1" daemon [_thread_in_native, id=9324, stack(0x000000001aa80000,0x000000001ab80000)]

Stack: [0x000000001aa80000,0x000000001ab80000]
[error occurred during error reporting (printing stack bounds), id 0xc0000005]

Native frames: (J=compiled Java code, j=interpreted, Vv=VM code, C=native code)


Current CompileTask:
C2:   1390  396 %     4       org.eclipse.jdt.launching.internal.org.objectweb.asm.ClassReader::readCode @ 71 (5089 bytes)


---------------  P R O C E S S  ---------------

Java Threads: ( => current thread )
  0x000000001c8ae000 JavaThread "restartedMain" [_thread_in_native, id=7584, stack(0x000000001dec0000,0x000000001dfc0000)]
  0x000000001c572800 JavaThread "Thread-0" [_thread_blocked, id=1220, stack(0x000000001ddc0000,0x000000001dec0000)]
  0x0000000019d09000 JavaThread "Service Thread" daemon [_thread_blocked, id=12844, stack(0x000000001ad80000,0x000000001ae80000)]
  0x0000000019cff800 JavaThread "C1 CompilerThread3" daemon [_thread_in_native, id=16684, stack(0x000000001ac80000,0x000000001ad80000)]
  0x0000000019cfe800 JavaThread "C2 CompilerThread2" daemon [_thread_blocked, id=19180, stack(0x000000001ab80000,0x000000001ac80000)]
=>0x0000000019cfe000 JavaThread "C2 CompilerThread1" daemon [_thread_in_native, id=9324, stack(0x000000001aa80000,0x000000001ab80000)]
  0x0000000019cfb000 JavaThread "C2 CompilerThread0" daemon [_thread_blocked, id=22392, stack(0x000000001a980000,0x000000001aa80000)]
  0x0000000019a82000 JavaThread "JDWP Command Reader" daemon [_thread_in_native, id=2816, stack(0x000000001a880000,0x000000001a980000)]
  0x0000000019a7d000 JavaThread "JDWP Event Helper Thread" daemon [_thread_blocked, id=21024, stack(0x000000001a780000,0x000000001a880000)]
  0x0000000019a70000 JavaThread "JDWP Transport Listener: dt_socket" daemon [_thread_blocked, id=19632, stack(0x000000001a680000,0x000000001a780000)]
  0x0000000019a68000 JavaThread "Attach Listener" daemon [_thread_blocked, id=8568, stack(0x000000001a240000,0x000000001a340000)]
  0x0000000019a67000 JavaThread "Signal Dispatcher" daemon [_thread_blocked, id=13052, stack(0x000000001a140000,0x000000001a240000)]
  0x0000000019a51000 JavaThread "Finalizer" daemon [_thread_blocked, id=8772, stack(0x0000000019f30000,0x000000001a030000)]
  0x0000000019a50800 JavaThread "Reference Handler" daemon [_thread_blocked, id=16496, stack(0x0000000019e30000,0x0000000019f30000)]
  0x0000000002c2c000 JavaThread "main" [_thread_blocked, id=11708, stack(0x0000000002a40000,0x0000000002b40000)]

Other Threads:
  0x0000000017c1a000 VMThread [stack: 0x0000000019930000,0x0000000019a30000] [id=10468]
  0x0000000019e2e000 WatcherThread [stack: 0x000000001b7e0000,0x000000001b8e0000] [id=7412]

VM state:not at safepoint (normal execution)

VM Mutex/Monitor currently owned by a thread: None

heap address: 0x0000000085800000, size: 1960 MB, Compressed Oops mode: 32-bit
Narrow klass base: 0x0000000000000000, Narrow klass shift: 3
Compressed class space size: 1073741824 Address: 0x0000000100000000

Heap:
 PSYoungGen      total 36864K, used 15911K [0x00000000d7300000, 0x00000000d9c00000, 0x0000000100000000)
  eden space 31744K, 38% used [0x00000000d7300000,0x00000000d7f0bc38,0x00000000d9200000)
  from space 5120K, 69% used [0x00000000d9200000,0x00000000d957e1b8,0x00000000d9700000)
  to   space 5120K, 0% used [0x00000000d9700000,0x00000000d9700000,0x00000000d9c00000)
 ParOldGen       total 84992K, used 16K [0x0000000085800000, 0x000000008ab00000, 0x00000000d7300000)
  object space 84992K, 0% used [0x0000000085800000,0x0000000085804000,0x000000008ab00000)
 Metaspace       used 9492K, capacity 9746K, committed 9856K, reserved 1058816K
  class space    used 1038K, capacity 1120K, committed 1152K, reserved 1048576K

Card table byte_map: [0x00000000122a0000,0x0000000012680000] byte_map_base: 0x0000000011e74000

Marking Bits: (ParMarkBitMap*) 0x000000007712be30
 Begin Bits: [0x0000000013110000, 0x0000000014fb0000)
 End Bits:   [0x0000000014fb0000, 0x0000000016e50000)

Polling page: 0x00000000029b0000

CodeCache: size=245760Kb used=3925Kb max_used=3925Kb free=241834Kb
 bounds [0x0000000002ee0000, 0x00000000032c0000, 0x0000000011ee0000]
 total_blobs=1203 nmethods=878 adapters=246
 compilation: enabled

Compilation events (10 events):
Event: 1.385 Thread 0x0000000019cff800 nmethod 875 0x00000000032b4d10 code [0x00000000032b4e80, 0x00000000032b5048]
Event: 1.385 Thread 0x0000000019cff800  873       3       java.lang.invoke.MethodType::checkRtype (6 bytes)
Event: 1.385 Thread 0x0000000019cff800 nmethod 873 0x00000000032b5110 code [0x00000000032b5280, 0x00000000032b5508]
Event: 1.385 Thread 0x0000000019cff800  877       3       java.lang.invoke.MethodType::<init> (40 bytes)
Event: 1.386 Thread 0x0000000019cff800 nmethod 877 0x00000000032b5650 code [0x00000000032b5820, 0x00000000032b5e88]
Event: 1.386 Thread 0x0000000019cff800  878       3       java.lang.Class::checkInitted (19 bytes)
Event: 1.386 Thread 0x0000000019cff800 nmethod 878 0x00000000032b6190 code [0x00000000032b6300, 0x00000000032b65c8]
Event: 1.386 Thread 0x0000000019cff800  879       1       java.lang.reflect.Constructor::getDeclaringClass (5 bytes)
Event: 1.386 Thread 0x0000000019cff800 nmethod 879 0x00000000032b66d0 code [0x00000000032b6820, 0x00000000032b6930]
Event: 1.387 Thread 0x0000000019cff800  880   !   3       sun.misc.URLClassPath$FileLoader::getResource (164 bytes)

GC Heap History (2 events):
Event: 1.198 GC heap before
{Heap before GC invocations=1 (full 0):
 PSYoungGen      total 36864K, used 31744K [0x00000000d7300000, 0x00000000d9c00000, 0x0000000100000000)
  eden space 31744K, 100% used [0x00000000d7300000,0x00000000d9200000,0x00000000d9200000)
  from space 5120K, 0% used [0x00000000d9700000,0x00000000d9700000,0x00000000d9c00000)
  to   space 5120K, 0% used [0x00000000d9200000,0x00000000d9200000,0x00000000d9700000)
 ParOldGen       total 84992K, used 0K [0x0000000085800000, 0x000000008ab00000, 0x00000000d7300000)
  object space 84992K, 0% used [0x0000000085800000,0x0000000085800000,0x000000008ab00000)
 Metaspace       used 8935K, capacity 9116K, committed 9344K, reserved 1056768K
  class space    used 964K, capacity 1038K, committed 1152K, reserved 1048576K
Event: 1.203 GC heap after
Heap after GC invocations=1 (full 0):
 PSYoungGen      total 36864K, used 3576K [0x00000000d7300000, 0x00000000d9c00000, 0x0000000100000000)
  eden space 31744K, 0% used [0x00000000d7300000,0x00000000d7300000,0x00000000d9200000)
  from space 5120K, 69% used [0x00000000d9200000,0x00000000d957e1b8,0x00000000d9700000)
  to   space 5120K, 0% used [0x00000000d9700000,0x00000000d9700000,0x00000000d9c00000)
 ParOldGen       total 84992K, used 16K [0x0000000085800000, 0x000000008ab00000, 0x00000000d7300000)
  object space 84992K, 0% used [0x0000000085800000,0x0000000085804000,0x000000008ab00000)
 Metaspace       used 8935K, capacity 9116K, committed 9344K, reserved 1056768K
  class space    used 964K, capacity 1038K, committed 1152K, reserved 1048576K
}

Deoptimization events (7 events):
Event: 0.830 Thread 0x0000000002c2c000 Uncommon trap: reason=unstable_if action=reinterpret pc=0x00000000030689e0 method=org.eclipse.jdt.launching.internal.org.objectweb.asm.ClassReader.readUtf(II[C)Ljava/lang/String; @ 41
Event: 0.830 Thread 0x0000000002c2c000 Uncommon trap: reason=unstable_if action=reinterpret pc=0x00000000030b1b60 method=org.eclipse.jdt.launching.internal.org.objectweb.asm.ByteVector.putUTF8(Ljava/lang/String;)Lorg/eclipse/jdt/launching/internal/org/objectweb/asm/ByteVector; @ 100
Event: 0.830 Thread 0x0000000002c2c000 Uncommon trap: reason=unstable_if action=reinterpret pc=0x000000000306302c method=org.eclipse.jdt.launching.internal.org.objectweb.asm.ByteVector.putUTF8(Ljava/lang/String;)Lorg/eclipse/jdt/launching/internal/org/objectweb/asm/ByteVector; @ 100
Event: 0.836 Thread 0x0000000002c2c000 Uncommon trap: reason=unstable_if action=reinterpret pc=0x0000000003123fb4 method=org.eclipse.jdt.launching.internal.org.objectweb.asm.ByteVector.encodeUtf8(Ljava/lang/String;II)Lorg/eclipse/jdt/launching/internal/org/objectweb/asm/ByteVector; @ 97
Event: 1.299 Thread 0x0000000002c2c000 Uncommon trap: reason=range_check action=none pc=0x000000000328061c method=sun.reflect.generics.parser.SignatureParser.current()C @ 34
Event: 1.299 Thread 0x0000000002c2c000 Uncommon trap: reason=range_check action=none pc=0x000000000328061c method=sun.reflect.generics.parser.SignatureParser.current()C @ 34
Event: 1.299 Thread 0x0000000002c2c000 Uncommon trap: reason=range_check action=none pc=0x000000000328061c method=sun.reflect.generics.parser.SignatureParser.current()C @ 34

Classes redefined (0 events):
No events

Internal exceptions (10 events):
Event: 1.292 Thread 0x0000000002c2c000 Exception <a 'java/lang/ArrayIndexOutOfBoundsException'> (0x00000000d77d37e0) thrown at [C:\ade\jenkins\workspace\8-2-build-windows-amd64-cygwin\jdk8u241\331\hotspot\src\share\vm\runtime\sharedRuntime.cpp, line 605]
Event: 1.293 Thread 0x0000000002c2c000 Exception <a 'java/lang/ArrayIndexOutOfBoundsException'> (0x00000000d77d58e0) thrown at [C:\ade\jenkins\workspace\8-2-build-windows-amd64-cygwin\jdk8u241\331\hotspot\src\share\vm\runtime\sharedRuntime.cpp, line 605]
Event: 1.293 Thread 0x0000000002c2c000 Exception <a 'java/lang/ArrayIndexOutOfBoundsException'> (0x00000000d77d7488) thrown at [C:\ade\jenkins\workspace\8-2-build-windows-amd64-cygwin\jdk8u241\331\hotspot\src\share\vm\runtime\sharedRuntime.cpp, line 605]
Event: 1.294 Thread 0x0000000002c2c000 Exception <a 'java/lang/ArrayIndexOutOfBoundsException'> (0x00000000d77d9188) thrown at [C:\ade\jenkins\workspace\8-2-build-windows-amd64-cygwin\jdk8u241\331\hotspot\src\share\vm\runtime\sharedRuntime.cpp, line 605]
Event: 1.294 Thread 0x0000000002c2c000 Exception <a 'java/lang/ArrayIndexOutOfBoundsException'> (0x00000000d77db928) thrown at [C:\ade\jenkins\workspace\8-2-build-windows-amd64-cygwin\jdk8u241\331\hotspot\src\share\vm\runtime\sharedRuntime.cpp, line 605]
Event: 1.297 Thread 0x0000000002c2c000 Exception <a 'java/lang/ArrayIndexOutOfBoundsException'> (0x00000000d77e82b0) thrown at [C:\ade\jenkins\workspace\8-2-build-windows-amd64-cygwin\jdk8u241\331\hotspot\src\share\vm\runtime\sharedRuntime.cpp, line 605]
Event: 1.299 Thread 0x0000000002c2c000 Exception <a 'java/lang/ArrayIndexOutOfBoundsException': 179> (0x00000000d77f1640) thrown at [C:\ade\jenkins\workspace\8-2-build-windows-amd64-cygwin\jdk8u241\331\hotspot\src\share\vm\interpreter\interpreterRuntime.cpp, line 368]
Event: 1.299 Thread 0x0000000002c2c000 Exception <a 'java/lang/ArrayIndexOutOfBoundsException': 134> (0x00000000d77f3218) thrown at [C:\ade\jenkins\workspace\8-2-build-windows-amd64-cygwin\jdk8u241\331\hotspot\src\share\vm\interpreter\interpreterRuntime.cpp, line 368]
Event: 1.299 Thread 0x0000000002c2c000 Exception <a 'java/lang/ArrayIndexOutOfBoundsException': 134> (0x00000000d77f4cd0) thrown at [C:\ade\jenkins\workspace\8-2-build-windows-amd64-cygwin\jdk8u241\331\hotspot\src\share\vm\interpreter\interpreterRuntime.cpp, line 368]
Event: 1.385 Thread 0x000000001c572800 Exception <a 'java/lang/NoSuchMethodError': java.lang.Object.lambda$static$0(Ljava/lang/Throwable;)Lorg/springframework/boot/devtools/restart/FailureHandler$Outcome;> (0x00000000d7e8b2d8) thrown at [C:\ade\jenkins\workspace\8-2-build-windows-amd64-cygwin\

Events (10 events):
Event: 1.386 Thread 0x000000001c572800 DEOPT UNPACKING pc=0x0000000002f27890 sp=0x000000001debc8d0 mode 1
Event: 1.387 loading class org/springframework/boot/devtools/restart/RestartLauncher
Event: 1.387 loading class org/springframework/boot/devtools/restart/RestartLauncher done
Event: 1.387 Thread 0x000000001c572800 DEOPT PACKING pc=0x00000000031fb141 sp=0x000000001debde30
Event: 1.387 Thread 0x000000001c572800 DEOPT UNPACKING pc=0x0000000002f27890 sp=0x000000001debdb80 mode 1
Event: 1.387 Thread 0x000000001c572800 DEOPT PACKING pc=0x0000000003102cfc sp=0x000000001debdeb0
Event: 1.387 Thread 0x000000001c572800 DEOPT UNPACKING pc=0x0000000002f27890 sp=0x000000001debdcd0 mode 1
Event: 1.387 Thread 0x000000001c572800 DEOPT PACKING pc=0x0000000003102a94 sp=0x000000001debe040
Event: 1.387 Thread 0x000000001c572800 DEOPT UNPACKING pc=0x0000000002f27890 sp=0x000000001debde60 mode 1
Event: 1.388 Thread 0x000000001c8ae000 Thread added: 0x000000001c8ae000


Dynamic libraries:
0x00007ff64ca90000 - 0x00007ff64cac7000 	C:\Program Files\Java\jdk1.8.0_241\bin\javaw.exe
0x00007ffffb990000 - 0x00007ffffbb86000 	C:\WINDOWS\SYSTEM32\ntdll.dll
0x00007ffffadd0000 - 0x00007ffffae8d000 	C:\WINDOWS\System32\KERNEL32.DLL
0x00007ffff9450000 - 0x00007ffff9718000 	C:\WINDOWS\System32\KERNELBASE.dll
0x00007ffffab40000 - 0x00007ffffabea000 	C:\WINDOWS\System32\ADVAPI32.dll
0x00007ffffb070000 - 0x00007ffffb10e000 	C:\WINDOWS\System32\msvcrt.dll
0x00007ffffb890000 - 0x00007ffffb92b000 	C:\WINDOWS\System32\sechost.dll
0x00007ffffb470000 - 0x00007ffffb594000 	C:\WINDOWS\System32\RPCRT4.dll
0x00007ffffa6e0000 - 0x00007ffffa880000 	C:\WINDOWS\System32\USER32.dll
0x00007ffff9770000 - 0x00007ffff9792000 	C:\WINDOWS\System32\win32u.dll
0x00007ffffae90000 - 0x00007ffffaeba000 	C:\WINDOWS\System32\GDI32.dll
0x00007ffff91e0000 - 0x00007ffff92e9000 	C:\WINDOWS\System32\gdi32full.dll
0x00007ffff9800000 - 0x00007ffff989d000 	C:\WINDOWS\System32\msvcp_win.dll
0x00007ffff90e0000 - 0x00007ffff91e0000 	C:\WINDOWS\System32\ucrtbase.dll
0x00007fffd3340000 - 0x00007fffd35db000 	C:\WINDOWS\WinSxS\amd64_microsoft.windows.common-controls_6595b64144ccf1df_6.0.19041.488_none_ca04af081b815d21\COMCTL32.dll
0x00007ffffaa90000 - 0x00007ffffaac0000 	C:\WINDOWS\System32\IMM32.DLL
0x0000000050000000 - 0x00000000500d2000 	C:\Program Files\Java\jdk1.8.0_241\jre\bin\msvcr100.dll
0x0000000076900000 - 0x00000000771ac000 	C:\Program Files\Java\jdk1.8.0_241\jre\bin\server\jvm.dll
0x00007ffffabf0000 - 0x00007ffffabf8000 	C:\WINDOWS\System32\PSAPI.DLL
0x00007ffff1c80000 - 0x00007ffff1c89000 	C:\WINDOWS\SYSTEM32\WSOCK32.dll
0x00007ffffaf20000 - 0x00007ffffaf8b000 	C:\WINDOWS\System32\WS2_32.dll
0x00007ffff02a0000 - 0x00007ffff02aa000 	C:\WINDOWS\SYSTEM32\VERSION.dll
0x00007fffe8e20000 - 0x00007fffe8e47000 	C:\WINDOWS\SYSTEM32\WINMM.dll
0x00007fffda170000 - 0x00007fffda17f000 	C:\Program Files\Java\jdk1.8.0_241\jre\bin\verify.dll
0x00007fffbd590000 - 0x00007fffbd5b9000 	C:\Program Files\Java\jdk1.8.0_241\jre\bin\java.dll
0x00007fffcb310000 - 0x00007fffcb345000 	C:\Program Files\Java\jdk1.8.0_241\jre\bin\jdwp.dll
0x00007ffff1f40000 - 0x00007ffff1f48000 	C:\Program Files\Java\jdk1.8.0_241\jre\bin\npt.dll
0x00007ffff14c0000 - 0x00007ffff14e3000 	C:\Program Files\Java\jdk1.8.0_241\jre\bin\instrument.dll
0x00007fffc2e80000 - 0x00007fffc2e96000 	C:\Program Files\Java\jdk1.8.0_241\jre\bin\zip.dll
0x00007ffff9f40000 - 0x00007ffffa680000 	C:\WINDOWS\System32\SHELL32.dll
0x00007ffff71d0000 - 0x00007ffff7964000 	C:\WINDOWS\SYSTEM32\windows.storage.dll
0x00007ffffb110000 - 0x00007ffffb465000 	C:\WINDOWS\System32\combase.dll
0x00007ffff8a80000 - 0x00007ffff8aac000 	C:\WINDOWS\SYSTEM32\Wldp.dll
0x00007ffffb7d0000 - 0x00007ffffb87e000 	C:\WINDOWS\System32\SHCORE.dll
0x00007ffffaec0000 - 0x00007ffffaf15000 	C:\WINDOWS\System32\shlwapi.dll
0x00007ffff9010000 - 0x00007ffff9036000 	C:\WINDOWS\SYSTEM32\profapi.dll
0x00007ffff1f30000 - 0x00007ffff1f39000 	C:\Program Files\Java\jdk1.8.0_241\jre\bin\dt_socket.dll
0x00007fffeee80000 - 0x00007fffeee97000 	C:\WINDOWS\system32\napinsp.dll
0x00007fffda3b0000 - 0x00007fffda3cb000 	C:\WINDOWS\system32\pnrpnsp.dll
0x00007fffda900000 - 0x00007fffda915000 	C:\WINDOWS\system32\wshbth.dll
0x00007ffff24b0000 - 0x00007ffff24cd000 	C:\WINDOWS\system32\NLAapi.dll
0x00007ffff8530000 - 0x00007ffff856b000 	C:\WINDOWS\SYSTEM32\IPHLPAPI.DLL
0x00007ffff8870000 - 0x00007ffff88da000 	C:\WINDOWS\System32\mswsock.dll
0x00007ffff8570000 - 0x00007ffff863b000 	C:\WINDOWS\SYSTEM32\DNSAPI.dll
0x00007ffffb880000 - 0x00007ffffb889000 	C:\WINDOWS\System32\NSI.dll
0x00007fffd93e0000 - 0x00007fffd93f2000 	C:\WINDOWS\System32\winrnr.dll
0x00007fffe89c0000 - 0x00007fffe8a3f000 	C:\WINDOWS\System32\fwpuclnt.dll
0x00007ffff93a0000 - 0x00007ffff93c7000 	C:\WINDOWS\System32\bcrypt.dll
0x00007fffe8910000 - 0x00007fffe891a000 	C:\Windows\System32\rasadhlp.dll

VM Arguments:
jvm_args: -agentlib:jdwp=transport=dt_socket,suspend=y,address=localhost:7431 -javaagent:C:\Users\Cintia Neves\eclipse\jee-2019-12\eclipse\configuration\org.eclipse.osgi\411\0\.cp\lib\javaagent-shaded.jar -Dfile.encoding=Cp1252 
java_command: br.com.guiabolso.api.ApiApplication
java_class_path (initial): C:\Users\Cintia Neves\Documents\Cintia\GuiaBolso\api\bin\main;C:\Users\Cintia Neves\.gradle\caches\modules-2\files-2.1\org.modelmapper\modelmapper\2.3.3\3961eba8e4b2bf8c9637deac59f4ec4986e9939b\modelmapper-2.3.3.jar;C:\Users\Cintia Neves\.gradle\caches\modules-2\files-2.1\org.springframework.boot\spring-boot-starter-web\2.3.4.RELEASE\fe00611add5307c1f25f955b5229b7dddaaa2ff4\spring-boot-starter-web-2.3.4.RELEASE.jar;C:\Users\Cintia Neves\.gradle\caches\modules-2\files-2.1\org.springframework.boot\spring-boot-starter-json\2.3.4.RELEASE\1fac4d2fa9d2827e5e7a2c11ccc50f8dea2e95b\spring-boot-starter-json-2.3.4.RELEASE.jar;C:\Users\Cintia Neves\.gradle\caches\modules-2\files-2.1\org.springframework.boot\spring-boot-starter\2.3.4.RELEASE\cfeb7cce94a342b4b31b64c42a82c287c2f17207\spring-boot-starter-2.3.4.RELEASE.jar;C:\Users\Cintia Neves\.gradle\caches\modules-2\files-2.1\org.springframework.boot\spring-boot-starter-tomcat\2.3.4.RELEASE\acffbb94a26dd1b7e9c38795797197e2dcb9d2e5\spring-boot-starter-tomcat-2.3.4.RELEASE.jar;C:\Users\Cintia Neves\.gradle\caches\modules-2\files-2.1\org.springframework\spring-webmvc\5.2.9.RELEASE\bec8682df7622707f067f98457ee95a8f276de80\spring-webmvc-5.2.9.RELEASE.jar;C:\Users\Cintia Neves\.gradle\caches\modules-2\files-2.1\org.springframework\spring-web\5.2.9.RELEASE\4bc4a60b74ea0a92ed09d41c675f8426324b4e56\spring-web-5.2.9.RELEASE.jar;C:\Users\Cintia Neves\.gradle\caches\modules-2\files-2.1\org.springframework.boot\spring-boot-autoconfigure\2.3.4.RELEASE\ff9efafb9d62c17d8c3c1faec7afad147c924263\spring-boot-autoconfigure-2.3.4.RELEASE.jar;C:\Users\Cintia Neves\.gradle\caches\modules-2\files-2.1\org.springframework.boot\spring-boot\2.3.4.RELEASE\f23f14ae4062d5983db89b7c7336166b6734fc57\spring-boot-2.3.4.RELEASE.jar;C:\Users\Cintia Neves\.gradle\caches\modules-2\files-2.1\org.springframework.boot\spring-boot-starter-logging\2.3.4.RELEASE\677a66ac80e88cefaaca64e72b5523eb4836b7ae\spring-boot-starter-logging-2.3.4.RELEASE.j
Launcher Type: SUN_STANDARD

Environment Variables:
JAVA_HOME=C:\Program Files\Java\jre1.8.0_241
PATH=C:\Program Files\Java\jdk1.8.0_241\jre\bin;C:/Program Files/Java/jdk1.8.0_241/bin/../jre/bin/server;C:/Program Files/Java/jdk1.8.0_241/bin/../jre/bin;C:/Program Files/Java/jdk1.8.0_241/bin/../jre/lib/amd64;C:\Program Files (x86)\Common Files\Oracle\Java\javapath;C:\Program Files\Java\jre1.8.0_241\bin;C:\WINDOWS\system32;C:\WINDOWS;C:\WINDOWS\System32\Wbem;C:\WINDOWS\System32\WindowsPowerShell\v1.0\;C:\WINDOWS\System32\OpenSSH\;C:\Program Files (x86)\Microsoft SQL Server\150\DTS\Binn\;C:\Program Files\Intel\WiFi\bin\;C:\Program Files\Common Files\Intel\WirelessCommon\;C:\Program Files\dotnet\;C:\Program Files\Microsoft SQL Server\130\Tools\Binn\;C:\Program Files\Microsoft SQL Server\Client SDK\ODBC\170\Tools\Binn\;C:\ProgramData\chocolatey\bin;C:\Program Files\nodejs\;C:\Program Files (x86)\Microsoft SQL Server\150\Tools\Binn\;C:\Program Files\Microsoft SQL Server\150\Tools\Binn\;C:\Program Files\Microsoft SQL Server\150\DTS\Binn\;C:\Program Files\Git\cmd;C:\Program Files (x86)\Calibre2\;C:\Program Files\Docker\Docker\resources\bin;C:\ProgramData\DockerDesktop\version-bin;C:\Users\Cintia Neves\AppData\Local\Microsoft\WindowsApps;C:\Users\Cintia Neves\AppData\Local\Programs\Microsoft VS Code\bin;C:\Users\Cintia Neves\AppData\Roaming\npm;C:\Program Files\Java\jdk1.8.0_241\bin;C:\Program Files\heroku\bin;C:\Users\Cintia Neves\Documents\IDM Computer Solutions\UltraEdit;C:\Users\Cintia Neves\eclipse\jee-2019-12\eclipse;
USERNAME=Cintia Neves
OS=Windows_NT
PROCESSOR_IDENTIFIER=Intel64 Family 6 Model 142 Stepping 10, GenuineIntel



---------------  S Y S T E M  ---------------

OS: Windows 10.0 , 64 bit Build 19041 (10.0.19041.546)

CPU:total 8 (initial active 8) (4 cores per cpu, 2 threads per core) family 6 model 142 stepping 10, cmov, cx8, fxsr, mmx, sse, sse2, sse3, ssse3, sse4.1, sse4.2, popcnt, avx, avx2, aes, clmul, erms, rtm, 3dnowpref, lzcnt, ht, tsc, tscinvbit, bmi1, bmi2, adx

Memory: 4k page, physical 8022412k(1017584k free), swap 9942412k(4084k free)

vm_info: Java HotSpot(TM) 64-Bit Server VM (25.241-b07) for windows-amd64 JRE (1.8.0_241-b07), built on Dec 11 2019 10:21:40 by "rejava" with MS VC++ 10.0 (VS2010)

time: Mon Oct 19 12:53:28 2020
timezone: Hora oficial do Brasil
elapsed time: 1 seconds (0d 0h 0m 1s)

