#
# There is insufficient memory for the Java Runtime Environment to continue.
# Native memory allocation (malloc) failed to allocate 343856 bytes for Chunk::new
# Possible reasons:
#   The system is out of physical RAM or swap space
#   The process is running with CompressedOops enabled, and the Java Heap may be blocking the growth of the native heap
# Possible solutions:
#   Reduce memory load on the system
#   Increase physical memory or swap space
#   Check if swap backing store is full
#   Decrease Java heap size (-Xmx/-Xms)
#   Decrease number of Java threads
#   Decrease Java thread stack sizes (-Xss)
#   Set larger code cache with -XX:ReservedCodeCacheSize=
#   JVM is running with Unscaled Compressed Oops mode in which the Java heap is
#     placed in the first 4GB address space. The Java Heap base address is the
#     maximum limit for the native heap growth. Please use -XX:HeapBaseMinAddress
#     to set the Java Heap base and to place the Java Heap above 4GB virtual address.
# This output file may be truncated or incomplete.
#
#  Out of Memory Error (allocation.cpp:389), pid=3860, tid=0x00000000000011ac
#
# JRE version: Java(TM) SE Runtime Environment (8.0_241-b07) (build 1.8.0_241-b07)
# Java VM: Java HotSpot(TM) 64-Bit Server VM (25.241-b07 mixed mode windows-amd64 compressed oops)
# Failed to write core dump. Minidumps are not enabled by default on client versions of Windows
#

---------------  T H R E A D  ---------------

Current thread (0x0000000019edb000):  JavaThread "C2 CompilerThread0" daemon [_thread_in_native, id=4524, stack(0x000000001a7b0000,0x000000001a8b0000)]

Stack: [0x000000001a7b0000,0x000000001a8b0000]
[error occurred during error reporting (printing stack bounds), id 0xc0000005]

Native frames: (J=compiled Java code, j=interpreted, Vv=VM code, C=native code)


Current CompileTask:
C2:   2856 2597       4       org.springframework.beans.factory.support.AbstractBeanFactory::isTypeMatch (607 bytes)


---------------  P R O C E S S  ---------------

Java Threads: ( => current thread )
  0x000000001e428000 JavaThread "container-0" [_thread_blocked, id=1892, stack(0x000000001edf0000,0x000000001eef0000)]
  0x000000001f1de000 JavaThread "Catalina-utility-2" [_thread_blocked, id=15460, stack(0x000000001ecf0000,0x000000001edf0000)]
  0x000000001e186800 JavaThread "Catalina-utility-1" [_thread_blocked, id=13244, stack(0x000000001ce20000,0x000000001cf20000)]
  0x000000001b476800 JavaThread "restartedMain" [_thread_in_Java, id=16952, stack(0x000000001b810000,0x000000001b910000)]
  0x000000001b469000 JavaThread "Thread-0" [_thread_blocked, id=14956, stack(0x000000001b710000,0x000000001b810000)]
  0x0000000019f78800 JavaThread "Service Thread" daemon [_thread_blocked, id=7176, stack(0x000000001abb0000,0x000000001acb0000)]
  0x0000000019ee9800 JavaThread "C1 CompilerThread3" daemon [_thread_blocked, id=14988, stack(0x000000001aab0000,0x000000001abb0000)]
  0x0000000019ee8800 JavaThread "C2 CompilerThread2" daemon [_thread_in_vm, id=16424, stack(0x000000001a9b0000,0x000000001aab0000)]
  0x0000000019ee3000 JavaThread "C2 CompilerThread1" daemon [_thread_in_native, id=15884, stack(0x000000001a8b0000,0x000000001a9b0000)]
=>0x0000000019edb000 JavaThread "C2 CompilerThread0" daemon [_thread_in_native, id=4524, stack(0x000000001a7b0000,0x000000001a8b0000)]
  0x0000000019ed9000 JavaThread "Attach Listener" daemon [_thread_blocked, id=10480, stack(0x000000001a6b0000,0x000000001a7b0000)]
  0x0000000019ed8000 JavaThread "Signal Dispatcher" daemon [_thread_blocked, id=7468, stack(0x000000001a5b0000,0x000000001a6b0000)]
  0x0000000019ec1000 JavaThread "Finalizer" daemon [_thread_blocked, id=15232, stack(0x000000001a3a0000,0x000000001a4a0000)]
  0x0000000019ec0800 JavaThread "Reference Handler" daemon [_thread_blocked, id=11420, stack(0x000000001a2a0000,0x000000001a3a0000)]
  0x0000000003254800 JavaThread "main" [_thread_blocked, id=16228, stack(0x0000000003150000,0x0000000003250000)]

Other Threads:
  0x00000000180b9000 VMThread [stack: 0x0000000019da0000,0x0000000019ea0000] [id=20028]
  0x0000000019f8c000 WatcherThread [stack: 0x000000001ae10000,0x000000001af10000] [id=4568]

VM state:not at safepoint (normal execution)

VM Mutex/Monitor currently owned by a thread: None

heap address: 0x0000000085800000, size: 1960 MB, Compressed Oops mode: 32-bit
Narrow klass base: 0x0000000000000000, Narrow klass shift: 3
Compressed class space size: 1073741824 Address: 0x0000000100000000

Heap:
 PSYoungGen      total 68608K, used 53559K [0x00000000d7300000, 0x00000000dbb00000, 0x0000000100000000)
  eden space 63488K, 84% used [0x00000000d7300000,0x00000000da74de70,0x00000000db100000)
  from space 5120K, 0% used [0x00000000db600000,0x00000000db600000,0x00000000dbb00000)
  to   space 5120K, 0% used [0x00000000db100000,0x00000000db100000,0x00000000db600000)
 ParOldGen       total 54272K, used 6185K [0x0000000085800000, 0x0000000088d00000, 0x00000000d7300000)
  object space 54272K, 11% used [0x0000000085800000,0x0000000085e0a708,0x0000000088d00000)
 Metaspace       used 26670K, capacity 28114K, committed 28288K, reserved 1073152K
  class space    used 3370K, capacity 3647K, committed 3712K, reserved 1048576K

Card table byte_map: [0x0000000012710000,0x0000000012af0000] byte_map_base: 0x00000000122e4000

Marking Bits: (ParMarkBitMap*) 0x000000007712be30
 Begin Bits: [0x0000000013580000, 0x0000000015420000)
 End Bits:   [0x0000000015420000, 0x00000000172c0000)

Polling page: 0x0000000001940000

CodeCache: size=245760Kb used=8845Kb max_used=8861Kb free=236914Kb
 bounds [0x0000000003350000, 0x0000000003c00000, 0x0000000012350000]
 total_blobs=3045 nmethods=2657 adapters=300
 compilation: enabled

Compilation events (10 events):
Event: 2.846 Thread 0x0000000019ee9800 nmethod 2655 0x0000000003bef890 code [0x0000000003befa00, 0x0000000003befc08]
Event: 2.846 Thread 0x0000000019ee9800 2656       3       java.util.concurrent.ConcurrentHashMap$EntryIterator::next (51 bytes)
Event: 2.846 Thread 0x0000000019ee9800 nmethod 2656 0x0000000003bef050 code [0x0000000003bef1e0, 0x0000000003bef678]
Event: 2.846 Thread 0x0000000019ee9800 2657   !   3       org.springframework.util.ClassUtils::getDefaultClassLoader (37 bytes)
Event: 2.848 Thread 0x0000000019ee9800 nmethod 2657 0x0000000003bf1b50 code [0x0000000003bf1e60, 0x0000000003bf3a88]
Event: 2.848 Thread 0x0000000019ee9800 2658   !   3       com.sun.proxy.$Proxy50::annotationType (29 bytes)
Event: 2.848 Thread 0x0000000019ee9800 nmethod 2658 0x0000000003bee8d0 code [0x0000000003beea60, 0x0000000003beee98]
Event: 2.848 Thread 0x0000000019ee9800 2659       3       java.lang.reflect.WeakCache$CacheKey::equals (46 bytes)
Event: 2.848 Thread 0x0000000019ee9800 nmethod 2659 0x0000000003bee050 code [0x0000000003bee1c0, 0x0000000003bee7b0]
Event: 2.850 Thread 0x0000000019ee8800 nmethod 2650 0x0000000003bf7b10 code [0x0000000003bf7c60, 0x0000000003bf81b8]

GC Heap History (10 events):
Event: 0.752 GC heap before
{Heap before GC invocations=1 (full 0):
 PSYoungGen      total 36864K, used 31744K [0x00000000d7300000, 0x00000000d9c00000, 0x0000000100000000)
  eden space 31744K, 100% used [0x00000000d7300000,0x00000000d9200000,0x00000000d9200000)
  from space 5120K, 0% used [0x00000000d9700000,0x00000000d9700000,0x00000000d9c00000)
  to   space 5120K, 0% used [0x00000000d9200000,0x00000000d9200000,0x00000000d9700000)
 ParOldGen       total 84992K, used 0K [0x0000000085800000, 0x000000008ab00000, 0x00000000d7300000)
  object space 84992K, 0% used [0x0000000085800000,0x0000000085800000,0x000000008ab00000)
 Metaspace       used 10097K, capacity 10454K, committed 10624K, reserved 1058816K
  class space    used 1190K, capacity 1288K, committed 1408K, reserved 1048576K
Event: 0.757 GC heap after
Heap after GC invocations=1 (full 0):
 PSYoungGen      total 36864K, used 5099K [0x00000000d7300000, 0x00000000d9c00000, 0x0000000100000000)
  eden space 31744K, 0% used [0x00000000d7300000,0x00000000d7300000,0x00000000d9200000)
  from space 5120K, 99% used [0x00000000d9200000,0x00000000d96fac60,0x00000000d9700000)
  to   space 5120K, 0% used [0x00000000d9700000,0x00000000d9700000,0x00000000d9c00000)
 ParOldGen       total 84992K, used 575K [0x0000000085800000, 0x000000008ab00000, 0x00000000d7300000)
  object space 84992K, 0% used [0x0000000085800000,0x000000008588fc90,0x000000008ab00000)
 Metaspace       used 10097K, capacity 10454K, committed 10624K, reserved 1058816K
  class space    used 1190K, capacity 1288K, committed 1408K, reserved 1048576K
}
Event: 1.026 GC heap before
{Heap before GC invocations=2 (full 0):
 PSYoungGen      total 36864K, used 36843K [0x00000000d7300000, 0x00000000d9c00000, 0x0000000100000000)
  eden space 31744K, 100% used [0x00000000d7300000,0x00000000d9200000,0x00000000d9200000)
  from space 5120K, 99% used [0x00000000d9200000,0x00000000d96fac60,0x00000000d9700000)
  to   space 5120K, 0% used [0x00000000d9700000,0x00000000d9700000,0x00000000d9c00000)
 ParOldGen       total 84992K, used 575K [0x0000000085800000, 0x000000008ab00000, 0x00000000d7300000)
  object space 84992K, 0% used [0x0000000085800000,0x000000008588fc90,0x000000008ab00000)
 Metaspace       used 15408K, capacity 16000K, committed 16128K, reserved 1062912K
  class space    used 1874K, capacity 2021K, committed 2048K, reserved 1048576K
Event: 1.036 GC heap after
Heap after GC invocations=2 (full 0):
 PSYoungGen      total 36864K, used 5117K [0x00000000d7300000, 0x00000000dbb00000, 0x0000000100000000)
  eden space 31744K, 0% used [0x00000000d7300000,0x00000000d7300000,0x00000000d9200000)
  from space 5120K, 99% used [0x00000000d9700000,0x00000000d9bff6f0,0x00000000d9c00000)
  to   space 5120K, 0% used [0x00000000d9200000,0x00000000d9200000,0x00000000d9700000)
 ParOldGen       total 84992K, used 2792K [0x0000000085800000, 0x000000008ab00000, 0x00000000d7300000)
  object space 84992K, 3% used [0x0000000085800000,0x0000000085aba028,0x000000008ab00000)
 Metaspace       used 15408K, capacity 16000K, committed 16128K, reserved 1062912K
  class space    used 1874K, capacity 2021K, committed 2048K, reserved 1048576K
}
Event: 1.420 GC heap before
{Heap before GC invocations=3 (full 0):
 PSYoungGen      total 36864K, used 36861K [0x00000000d7300000, 0x00000000dbb00000, 0x0000000100000000)
  eden space 31744K, 100% used [0x00000000d7300000,0x00000000d9200000,0x00000000d9200000)
  from space 5120K, 99% used [0x00000000d9700000,0x00000000d9bff6f0,0x00000000d9c00000)
  to   space 5120K, 0% used [0x00000000d9200000,0x00000000d9200000,0x00000000d9700000)
 ParOldGen       total 84992K, used 2792K [0x0000000085800000, 0x000000008ab00000, 0x00000000d7300000)
  object space 84992K, 3% used [0x0000000085800000,0x0000000085aba028,0x000000008ab00000)
 Metaspace       used 19059K, capacity 19858K, committed 20096K, reserved 1067008K
  class space    used 2381K, capacity 2581K, committed 2688K, reserved 1048576K
Event: 1.429 GC heap after
Heap after GC invocations=3 (full 0):
 PSYoungGen      total 36864K, used 5088K [0x00000000d7300000, 0x00000000dbb00000, 0x0000000100000000)
  eden space 31744K, 0% used [0x00000000d7300000,0x00000000d7300000,0x00000000d9200000)
  from space 5120K, 99% used [0x00000000d9200000,0x00000000d96f82e8,0x00000000d9700000)
  to   space 5120K, 0% used [0x00000000db600000,0x00000000db600000,0x00000000dbb00000)
 ParOldGen       total 84992K, used 5773K [0x0000000085800000, 0x000000008ab00000, 0x00000000d7300000)
  object space 84992K, 6% used [0x0000000085800000,0x0000000085da36a8,0x000000008ab00000)
 Metaspace       used 19059K, capacity 19858K, committed 20096K, reserved 1067008K
  class space    used 2381K, capacity 2581K, committed 2688K, reserved 1048576K
}
Event: 1.668 GC heap before
{Heap before GC invocations=4 (full 0):
 PSYoungGen      total 36864K, used 21653K [0x00000000d7300000, 0x00000000dbb00000, 0x0000000100000000)
  eden space 31744K, 52% used [0x00000000d7300000,0x00000000d832d460,0x00000000d9200000)
  from space 5120K, 99% used [0x00000000d9200000,0x00000000d96f82e8,0x00000000d9700000)
  to   space 5120K, 0% used [0x00000000db600000,0x00000000db600000,0x00000000dbb00000)
 ParOldGen       total 84992K, used 5773K [0x0000000085800000, 0x000000008ab00000, 0x00000000d7300000)
  object space 84992K, 6% used [0x0000000085800000,0x0000000085da36a8,0x000000008ab00000)
 Metaspace       used 20258K, capacity 21138K, committed 21248K, reserved 1067008K
  class space    used 2520K, capacity 2739K, committed 2816K, reserved 1048576K
Event: 1.675 GC heap after
Heap after GC invocations=4 (full 0):
 PSYoungGen      total 68608K, used 5104K [0x00000000d7300000, 0x00000000dbb00000, 0x0000000100000000)
  eden space 63488K, 0% used [0x00000000d7300000,0x00000000d7300000,0x00000000db100000)
  from space 5120K, 99% used [0x00000000db600000,0x00000000dbafc030,0x00000000dbb00000)
  to   space 5120K, 0% used [0x00000000db100000,0x00000000db100000,0x00000000db600000)
 ParOldGen       total 84992K, used 7049K [0x0000000085800000, 0x000000008ab00000, 0x00000000d7300000)
  object space 84992K, 8% used [0x0000000085800000,0x0000000085ee27f0,0x000000008ab00000)
 Metaspace       used 20258K, capacity 21138K, committed 21248K, reserved 1067008K
  class space    used 2520K, capacity 2739K, committed 2816K, reserved 1048576K
}
Event: 1.675 GC heap before
{Heap before GC invocations=5 (full 1):
 PSYoungGen      total 68608K, used 5104K [0x00000000d7300000, 0x00000000dbb00000, 0x0000000100000000)
  eden space 63488K, 0% used [0x00000000d7300000,0x00000000d7300000,0x00000000db100000)
  from space 5120K, 99% used [0x00000000db600000,0x00000000dbafc030,0x00000000dbb00000)
  to   space 5120K, 0% used [0x00000000db100000,0x00000000db100000,0x00000000db600000)
 ParOldGen       total 84992K, used 7049K [0x0000000085800000, 0x000000008ab00000, 0x00000000d7300000)
  object space 84992K, 8% used [0x0000000085800000,0x0000000085ee27f0,0x000000008ab00000)
 Metaspace       used 20258K, capacity 21138K, committed 21248K, reserved 1067008K
  class space    used 2520K, capacity 2739K, committed 2816K, reserved 1048576K
Event: 1.700 GC heap after
Heap after GC invocations=5 (full 1):
 PSYoungGen      total 68608K, used 0K [0x00000000d7300000, 0x00000000dbb00000, 0x0000000100000000)
  eden space 63488K, 0% used [0x00000000d7300000,0x00000000d7300000,0x00000000db100000)
  from space 5120K, 0% used [0x00000000db600000,0x00000000db600000,0x00000000dbb00000)
  to   space 5120K, 0% used [0x00000000db100000,0x00000000db100000,0x00000000db600000)
 ParOldGen       total 54272K, used 6185K [0x0000000085800000, 0x0000000088d00000, 0x00000000d7300000)
  object space 54272K, 11% used [0x0000000085800000,0x0000000085e0a708,0x0000000088d00000)
 Metaspace       used 20258K, capacity 21138K, committed 21248K, reserved 1067008K
  class space    used 2520K, capacity 2739K, committed 2816K, reserved 1048576K
}

Deoptimization events (10 events):
Event: 2.028 Thread 0x000000001b476800 Uncommon trap: reason=array_check action=maybe_recompile pc=0x0000000003ab4140 method=java.util.AbstractCollection.toArray([Ljava/lang/Object;)[Ljava/lang/Object; @ 119
Event: 2.054 Thread 0x000000001b476800 Uncommon trap: reason=array_check action=maybe_recompile pc=0x0000000003ab4140 method=java.util.AbstractCollection.toArray([Ljava/lang/Object;)[Ljava/lang/Object; @ 119
Event: 2.054 Thread 0x000000001b476800 Uncommon trap: reason=array_check action=maybe_recompile pc=0x0000000003ab4140 method=java.util.AbstractCollection.toArray([Ljava/lang/Object;)[Ljava/lang/Object; @ 119
Event: 2.054 Thread 0x000000001b476800 Uncommon trap: reason=array_check action=maybe_recompile pc=0x0000000003ab4140 method=java.util.AbstractCollection.toArray([Ljava/lang/Object;)[Ljava/lang/Object; @ 119
Event: 2.055 Thread 0x000000001b476800 Uncommon trap: reason=unstable_if action=reinterpret pc=0x00000000034b6dc8 method=java.lang.String.startsWith(Ljava/lang/String;I)Z @ 25
Event: 2.133 Thread 0x000000001b476800 Uncommon trap: reason=unstable_if action=reinterpret pc=0x00000000039ac100 method=java.util.LinkedHashMap.get(Ljava/lang/Object;)Ljava/lang/Object; @ 20
Event: 2.602 Thread 0x000000001b476800 Uncommon trap: reason=class_check action=maybe_recompile pc=0x00000000039bdbfc method=java.util.zip.InflaterInputStream.read([BII)I @ 100
Event: 2.602 Thread 0x000000001b476800 Uncommon trap: reason=class_check action=maybe_recompile pc=0x00000000039bdbfc method=java.util.zip.InflaterInputStream.read([BII)I @ 100
Event: 2.603 Thread 0x000000001b476800 Uncommon trap: reason=class_check action=maybe_recompile pc=0x00000000039bdbfc method=java.util.zip.InflaterInputStream.read([BII)I @ 100
Event: 2.603 Thread 0x000000001b476800 Uncommon trap: reason=class_check action=maybe_recompile pc=0x00000000039bdbfc method=java.util.zip.InflaterInputStream.read([BII)I @ 100

Classes redefined (0 events):
No events

Internal exceptions (10 events):
Event: 1.136 Thread 0x000000001b476800 Exception <a 'java/lang/ClassNotFoundException': org/springframework/context/EnvironmentAwareCustomizer> (0x00000000d804cf50) thrown at [C:\ade\jenkins\workspace\8-2-build-windows-amd64-cygwin\jdk8u241\331\hotspot\src\share\vm\classfile\systemDictionary.c
Event: 1.137 Thread 0x000000001b476800 Exception <a 'java/lang/ClassNotFoundException': org/springframework/beans/factory/AwareCustomizer> (0x00000000d80598d0) thrown at [C:\ade\jenkins\workspace\8-2-build-windows-amd64-cygwin\jdk8u241\331\hotspot\src\share\vm\classfile\systemDictionary.cpp, l
Event: 1.244 Thread 0x000000001b476800 Exception <a 'java/lang/NoSuchMethodError': java.lang.Object.lambda$or$2(Ljava/util/function/Predicate;Ljava/lang/Object;)Z> (0x00000000d85e5288) thrown at [C:\ade\jenkins\workspace\8-2-build-windows-amd64-cygwin\jdk8u241\331\hotspot\src\share\vm\interpre
Event: 1.308 Thread 0x000000001b476800 Exception <a 'java/lang/IncompatibleClassChangeError': Found class java.lang.Object, but interface was expected> (0x00000000d8c4d028) thrown at [C:\ade\jenkins\workspace\8-2-build-windows-amd64-cygwin\jdk8u241\331\hotspot\src\share\vm\interpreter\linkReso
Event: 1.342 Thread 0x000000001b476800 Exception <a 'java/lang/NoSuchMethodError': java.lang.Object.lambda$getAllAnnotationAttributes$0(Lorg/springframework/util/MultiValueMap;)Lorg/springframework/util/MultiValueMap;> (0x00000000d8e593b0) thrown at [C:\ade\jenkins\workspace\8-2-build-windows-
Event: 1.343 Thread 0x000000001b476800 Exception <a 'java/lang/NoSuchMethodError': java.lang.Object.lambda$identity$2(Ljava/lang/Object;)Ljava/lang/Object;> (0x00000000d8e68bc8) thrown at [C:\ade\jenkins\workspace\8-2-build-windows-amd64-cygwin\jdk8u241\331\hotspot\src\share\vm\interpreter\lin
Event: 2.049 Thread 0x000000001b476800 Exception <a 'java/lang/IncompatibleClassChangeError': Found class java.lang.Object, but interface was expected> (0x00000000d869fa38) thrown at [C:\ade\jenkins\workspace\8-2-build-windows-amd64-cygwin\jdk8u241\331\hotspot\src\share\vm\interpreter\linkReso
Event: 2.057 Thread 0x000000001b476800 Exception <a 'java/lang/NoSuchMethodError': java.lang.Object.lambda$and$0(Ljava/util/function/Predicate;Ljava/lang/Object;)Z> (0x00000000d86e35d8) thrown at [C:\ade\jenkins\workspace\8-2-build-windows-amd64-cygwin\jdk8u241\331\hotspot\src\share\vm\interpr
Event: 2.670 Thread 0x000000001b476800 Exception <a 'java/io/FileNotFoundException'> (0x00000000d9f59160) thrown at [C:\ade\jenkins\workspace\8-2-build-windows-amd64-cygwin\jdk8u241\331\hotspot\src\share\vm\prims\jni.cpp, line 710]
Event: 2.762 Thread 0x000000001b476800 Exception <a 'java/io/FileNotFoundException'> (0x00000000da281260) thrown at [C:\ade\jenkins\workspace\8-2-build-windows-amd64-cygwin\jdk8u241\331\hotspot\src\share\vm\prims\jni.cpp, line 710]

Events (10 events):
Event: 2.849 loading class org/springframework/web/context/request/async/AsyncRequestTimeoutException
Event: 2.849 loading class org/springframework/web/context/request/async/AsyncRequestTimeoutException done
Event: 2.849 loading class org/springframework/web/HttpRequestMethodNotSupportedException
Event: 2.849 loading class org/springframework/web/HttpRequestMethodNotSupportedException done
Event: 2.850 loading class org/springframework/web/bind/MissingServletRequestParameterException
Event: 2.850 loading class org/springframework/web/bind/MissingServletRequestParameterException done
Event: 2.851 loading class org/springframework/http/HttpHeaders
Event: 2.851 loading class org/springframework/http/HttpHeaders done
Event: 2.853 loading class org/springframework/http/HttpStatus
Event: 2.853 loading class org/springframework/http/HttpStatus done


Dynamic libraries:
0x00007ff60f650000 - 0x00007ff60f687000 	C:\Program Files\Java\jdk1.8.0_241\bin\javaw.exe
0x00007ffffb990000 - 0x00007ffffbb86000 	C:\WINDOWS\SYSTEM32\ntdll.dll
0x00007ffffadd0000 - 0x00007ffffae8d000 	C:\WINDOWS\System32\KERNEL32.DLL
0x00007ffff9450000 - 0x00007ffff9718000 	C:\WINDOWS\System32\KERNELBASE.dll
0x00007ffffab40000 - 0x00007ffffabea000 	C:\WINDOWS\System32\ADVAPI32.dll
0x00007ffffb070000 - 0x00007ffffb10e000 	C:\WINDOWS\System32\msvcrt.dll
0x00007ffffb890000 - 0x00007ffffb92b000 	C:\WINDOWS\System32\sechost.dll
0x00007ffffb470000 - 0x00007ffffb594000 	C:\WINDOWS\System32\RPCRT4.dll
0x00007ffffa6e0000 - 0x00007ffffa880000 	C:\WINDOWS\System32\USER32.dll
0x00007ffff9770000 - 0x00007ffff9792000 	C:\WINDOWS\System32\win32u.dll
0x00007ffffae90000 - 0x00007ffffaeba000 	C:\WINDOWS\System32\GDI32.dll
0x00007ffff91e0000 - 0x00007ffff92e9000 	C:\WINDOWS\System32\gdi32full.dll
0x00007ffff9800000 - 0x00007ffff989d000 	C:\WINDOWS\System32\msvcp_win.dll
0x00007ffff90e0000 - 0x00007ffff91e0000 	C:\WINDOWS\System32\ucrtbase.dll
0x00007fffd3340000 - 0x00007fffd35db000 	C:\WINDOWS\WinSxS\amd64_microsoft.windows.common-controls_6595b64144ccf1df_6.0.19041.488_none_ca04af081b815d21\COMCTL32.dll
0x00007ffffaa90000 - 0x00007ffffaac0000 	C:\WINDOWS\System32\IMM32.DLL
0x0000000050000000 - 0x00000000500d2000 	C:\Program Files\Java\jdk1.8.0_241\jre\bin\msvcr100.dll
0x0000000076900000 - 0x00000000771ac000 	C:\Program Files\Java\jdk1.8.0_241\jre\bin\server\jvm.dll
0x00007ffffabf0000 - 0x00007ffffabf8000 	C:\WINDOWS\System32\PSAPI.DLL
0x00007fffe8e20000 - 0x00007fffe8e47000 	C:\WINDOWS\SYSTEM32\WINMM.dll
0x00007ffff1c80000 - 0x00007ffff1c89000 	C:\WINDOWS\SYSTEM32\WSOCK32.dll
0x00007ffff02a0000 - 0x00007ffff02aa000 	C:\WINDOWS\SYSTEM32\VERSION.dll
0x00007ffffaf20000 - 0x00007ffffaf8b000 	C:\WINDOWS\System32\WS2_32.dll
0x00007fffda170000 - 0x00007fffda17f000 	C:\Program Files\Java\jdk1.8.0_241\jre\bin\verify.dll
0x00007fffbd590000 - 0x00007fffbd5b9000 	C:\Program Files\Java\jdk1.8.0_241\jre\bin\java.dll
0x00007fffc2e80000 - 0x00007fffc2e96000 	C:\Program Files\Java\jdk1.8.0_241\jre\bin\zip.dll
0x00007ffff9f40000 - 0x00007ffffa680000 	C:\WINDOWS\System32\SHELL32.dll
0x00007ffff71d0000 - 0x00007ffff7964000 	C:\WINDOWS\SYSTEM32\windows.storage.dll
0x00007ffffb110000 - 0x00007ffffb465000 	C:\WINDOWS\System32\combase.dll
0x00007ffff8a80000 - 0x00007ffff8aac000 	C:\WINDOWS\SYSTEM32\Wldp.dll
0x00007ffffb7d0000 - 0x00007ffffb87e000 	C:\WINDOWS\System32\SHCORE.dll
0x00007ffffaec0000 - 0x00007ffffaf15000 	C:\WINDOWS\System32\shlwapi.dll
0x00007ffff9010000 - 0x00007ffff9036000 	C:\WINDOWS\SYSTEM32\profapi.dll
0x00007ffff39d0000 - 0x00007ffff39dd000 	C:\Program Files\Java\jdk1.8.0_241\jre\bin\management.dll
0x00007fffc2770000 - 0x00007fffc278a000 	C:\Program Files\Java\jdk1.8.0_241\jre\bin\net.dll
0x00007ffff8870000 - 0x00007ffff88da000 	C:\WINDOWS\system32\mswsock.dll
0x00007fffeee80000 - 0x00007fffeee97000 	C:\WINDOWS\system32\napinsp.dll
0x00007fffda3b0000 - 0x00007fffda3cb000 	C:\WINDOWS\system32\pnrpnsp.dll
0x00007fffda900000 - 0x00007fffda915000 	C:\WINDOWS\system32\wshbth.dll
0x00007ffff24b0000 - 0x00007ffff24cd000 	C:\WINDOWS\system32\NLAapi.dll
0x00007ffff8530000 - 0x00007ffff856b000 	C:\WINDOWS\SYSTEM32\IPHLPAPI.DLL
0x00007ffff8570000 - 0x00007ffff863b000 	C:\WINDOWS\SYSTEM32\DNSAPI.dll
0x00007ffffb880000 - 0x00007ffffb889000 	C:\WINDOWS\System32\NSI.dll
0x00007fffd93e0000 - 0x00007fffd93f2000 	C:\WINDOWS\System32\winrnr.dll
0x00007fffe8910000 - 0x00007fffe891a000 	C:\Windows\System32\rasadhlp.dll
0x00007fffe89c0000 - 0x00007fffe8a3f000 	C:\WINDOWS\System32\fwpuclnt.dll
0x00007ffff93a0000 - 0x00007ffff93c7000 	C:\WINDOWS\System32\bcrypt.dll
0x00007fffbf130000 - 0x00007fffbf142000 	C:\Program Files\Java\jdk1.8.0_241\jre\bin\nio.dll
0x00007ffff8db0000 - 0x00007ffff8dc8000 	C:\WINDOWS\SYSTEM32\CRYPTSP.dll
0x00007ffff81b0000 - 0x00007ffff81e4000 	C:\WINDOWS\system32\rsaenh.dll
0x00007ffff8fd0000 - 0x00007ffff8ffe000 	C:\WINDOWS\SYSTEM32\USERENV.dll
0x00007ffff93d0000 - 0x00007ffff944f000 	C:\WINDOWS\System32\bcryptprimitives.dll
0x00007ffff89f0000 - 0x00007ffff89fc000 	C:\WINDOWS\SYSTEM32\CRYPTBASE.dll
0x00007ffff13f0000 - 0x00007ffff1407000 	C:\WINDOWS\SYSTEM32\dhcpcsvc6.DLL
0x00007ffff1b00000 - 0x00007ffff1b1d000 	C:\WINDOWS\SYSTEM32\dhcpcsvc.DLL

VM Arguments:
jvm_args: -Dfile.encoding=Cp1252 
java_command: br.com.guiabolso.api.ApiApplication
java_class_path (initial): C:\Users\Cintia Neves\Documents\Cintia\GuiaBolso\api\bin\main;C:\Users\Cintia Neves\.gradle\caches\modules-2\files-2.1\org.modelmapper\modelmapper\2.3.3\3961eba8e4b2bf8c9637deac59f4ec4986e9939b\modelmapper-2.3.3.jar;C:\Users\Cintia Neves\.gradle\caches\modules-2\files-2.1\org.springframework.boot\spring-boot-starter-web\2.3.4.RELEASE\fe00611add5307c1f25f955b5229b7dddaaa2ff4\spring-boot-starter-web-2.3.4.RELEASE.jar;C:\Users\Cintia Neves\.gradle\caches\modules-2\files-2.1\org.springframework.boot\spring-boot-starter-json\2.3.4.RELEASE\1fac4d2fa9d2827e5e7a2c11ccc50f8dea2e95b\spring-boot-starter-json-2.3.4.RELEASE.jar;C:\Users\Cintia Neves\.gradle\caches\modules-2\files-2.1\org.springframework.boot\spring-boot-starter\2.3.4.RELEASE\cfeb7cce94a342b4b31b64c42a82c287c2f17207\spring-boot-starter-2.3.4.RELEASE.jar;C:\Users\Cintia Neves\.gradle\caches\modules-2\files-2.1\org.springframework.boot\spring-boot-starter-tomcat\2.3.4.RELEASE\acffbb94a26dd1b7e9c38795797197e2dcb9d2e5\spring-boot-starter-tomcat-2.3.4.RELEASE.jar;C:\Users\Cintia Neves\.gradle\caches\modules-2\files-2.1\org.springframework\spring-webmvc\5.2.9.RELEASE\bec8682df7622707f067f98457ee95a8f276de80\spring-webmvc-5.2.9.RELEASE.jar;C:\Users\Cintia Neves\.gradle\caches\modules-2\files-2.1\org.springframework\spring-web\5.2.9.RELEASE\4bc4a60b74ea0a92ed09d41c675f8426324b4e56\spring-web-5.2.9.RELEASE.jar;C:\Users\Cintia Neves\.gradle\caches\modules-2\files-2.1\org.springframework.boot\spring-boot-autoconfigure\2.3.4.RELEASE\ff9efafb9d62c17d8c3c1faec7afad147c924263\spring-boot-autoconfigure-2.3.4.RELEASE.jar;C:\Users\Cintia Neves\.gradle\caches\modules-2\files-2.1\org.springframework.boot\spring-boot\2.3.4.RELEASE\f23f14ae4062d5983db89b7c7336166b6734fc57\spring-boot-2.3.4.RELEASE.jar;C:\Users\Cintia Neves\.gradle\caches\modules-2\files-2.1\org.springframework.boot\spring-boot-starter-logging\2.3.4.RELEASE\677a66ac80e88cefaaca64e72b5523eb4836b7ae\spring-boot-starter-logging-2.3.4.RELEASE.j
Launcher Type: SUN_STANDARD

Environment Variables:
JAVA_HOME=C:\Program Files\Java\jre1.8.0_241
PATH=C:/Program Files/Java/jdk1.8.0_241/bin/../jre/bin/server;C:/Program Files/Java/jdk1.8.0_241/bin/../jre/bin;C:/Program Files/Java/jdk1.8.0_241/bin/../jre/lib/amd64;C:\Program Files (x86)\Common Files\Oracle\Java\javapath;C:\Program Files\Java\jre1.8.0_241\bin;C:\WINDOWS\system32;C:\WINDOWS;C:\WINDOWS\System32\Wbem;C:\WINDOWS\System32\WindowsPowerShell\v1.0\;C:\WINDOWS\System32\OpenSSH\;C:\Program Files (x86)\Microsoft SQL Server\150\DTS\Binn\;C:\Program Files\Intel\WiFi\bin\;C:\Program Files\Common Files\Intel\WirelessCommon\;C:\Program Files\dotnet\;C:\Program Files\Microsoft SQL Server\130\Tools\Binn\;C:\Program Files\Microsoft SQL Server\Client SDK\ODBC\170\Tools\Binn\;C:\ProgramData\chocolatey\bin;C:\Program Files\nodejs\;C:\Program Files (x86)\Microsoft SQL Server\150\Tools\Binn\;C:\Program Files\Microsoft SQL Server\150\Tools\Binn\;C:\Program Files\Microsoft SQL Server\150\DTS\Binn\;C:\Program Files\Git\cmd;C:\Program Files (x86)\Calibre2\;C:\Program Files\Docker\Docker\resources\bin;C:\ProgramData\DockerDesktop\version-bin;C:\Users\Cintia Neves\AppData\Local\Microsoft\WindowsApps;C:\Users\Cintia Neves\AppData\Local\Programs\Microsoft VS Code\bin;C:\Users\Cintia Neves\AppData\Roaming\npm;C:\Program Files\Java\jdk1.8.0_241\bin;C:\Program Files\heroku\bin;C:\Users\Cintia Neves\Documents\IDM Computer Solutions\UltraEdit;C:\Users\Cintia Neves\eclipse\jee-2019-12\eclipse;
USERNAME=Cintia Neves
OS=Windows_NT
PROCESSOR_IDENTIFIER=Intel64 Family 6 Model 142 Stepping 10, GenuineIntel



---------------  S Y S T E M  ---------------

OS: Windows 10.0 , 64 bit Build 19041 (10.0.19041.546)

CPU:total 8 (initial active 8) (4 cores per cpu, 2 threads per core) family 6 model 142 stepping 10, cmov, cx8, fxsr, mmx, sse, sse2, sse3, ssse3, sse4.1, sse4.2, popcnt, avx, avx2, aes, clmul, erms, rtm, 3dnowpref, lzcnt, ht, tsc, tscinvbit, bmi1, bmi2, adx

Memory: 4k page, physical 8022412k(1467908k free), swap 9942412k(5272k free)

vm_info: Java HotSpot(TM) 64-Bit Server VM (25.241-b07) for windows-amd64 JRE (1.8.0_241-b07), built on Dec 11 2019 10:21:40 by "rejava" with MS VC++ 10.0 (VS2010)

time: Mon Oct 19 11:04:20 2020
timezone: Hora oficial do Brasil
elapsed time: 2 seconds (0d 0h 0m 2s)

