#
# There is insufficient memory for the Java Runtime Environment to continue.
# Native memory allocation (malloc) failed to allocate 527648 bytes for Chunk::new
# Possible reasons:
#   The system is out of physical RAM or swap space
#   The process is running with CompressedOops enabled, and the Java Heap may be blocking the growth of the native heap
# Possible solutions:
#   Reduce memory load on the system
#   Increase physical memory or swap space
#   Check if swap backing store is full
#   Decrease Java heap size (-Xmx/-Xms)
#   Decrease number of Java threads
#   Decrease Java thread stack sizes (-Xss)
#   Set larger code cache with -XX:ReservedCodeCacheSize=
#   JVM is running with Unscaled Compressed Oops mode in which the Java heap is
#     placed in the first 4GB address space. The Java Heap base address is the
#     maximum limit for the native heap growth. Please use -XX:HeapBaseMinAddress
#     to set the Java Heap base and to place the Java Heap above 4GB virtual address.
# This output file may be truncated or incomplete.
#
#  Out of Memory Error (allocation.cpp:389), pid=15052, tid=0x0000000000003764
#
# JRE version: Java(TM) SE Runtime Environment (8.0_241-b07) (build 1.8.0_241-b07)
# Java VM: Java HotSpot(TM) 64-Bit Server VM (25.241-b07 mixed mode windows-amd64 compressed oops)
# Failed to write core dump. Minidumps are not enabled by default on client versions of Windows
#

---------------  T H R E A D  ---------------

Current thread (0x0000000019c80800):  JavaThread "C2 CompilerThread1" daemon [_thread_in_native, id=14180, stack(0x000000001a650000,0x000000001a750000)]

Stack: [0x000000001a650000,0x000000001a750000]
[error occurred during error reporting (printing stack bounds), id 0xc0000005]

Native frames: (J=compiled Java code, j=interpreted, Vv=VM code, C=native code)


Current CompileTask:
C2:  17679 3683       4       java.lang.invoke.MethodType::makeImpl (66 bytes)


---------------  P R O C E S S  ---------------

Java Threads: ( => current thread )
  0x000000001ed93000 JavaThread "task-2" [_thread_blocked, id=3340, stack(0x0000000024ea0000,0x0000000024fa0000)]
  0x000000001ed97000 JavaThread "DestroyJavaVM" [_thread_blocked, id=13708, stack(0x0000000002e90000,0x0000000002f90000)]
  0x000000001ed98800 JavaThread "http-nio-8080-Acceptor" daemon [_thread_in_native, id=6432, stack(0x0000000024da0000,0x0000000024ea0000)]
  0x000000001ed96800 JavaThread "http-nio-8080-ClientPoller" daemon [_thread_in_native, id=2632, stack(0x0000000024260000,0x0000000024360000)]
  0x000000001ed9a000 JavaThread "http-nio-8080-exec-10" daemon [_thread_blocked, id=9744, stack(0x0000000024ca0000,0x0000000024da0000)]
  0x000000001ed94000 JavaThread "http-nio-8080-exec-9" daemon [_thread_blocked, id=7100, stack(0x0000000024ba0000,0x0000000024ca0000)]
  0x000000001ed91800 JavaThread "http-nio-8080-exec-8" daemon [_thread_blocked, id=3860, stack(0x0000000024aa0000,0x0000000024ba0000)]
  0x000000001ed98000 JavaThread "http-nio-8080-exec-7" daemon [_thread_blocked, id=4956, stack(0x00000000249a0000,0x0000000024aa0000)]
  0x000000001ed91000 JavaThread "http-nio-8080-exec-6" daemon [_thread_blocked, id=14080, stack(0x00000000248a0000,0x00000000249a0000)]
  0x000000001ed95800 JavaThread "http-nio-8080-exec-5" daemon [_thread_blocked, id=3564, stack(0x00000000247a0000,0x00000000248a0000)]
  0x000000001ed8e800 JavaThread "http-nio-8080-exec-4" daemon [_thread_blocked, id=1548, stack(0x00000000246a0000,0x00000000247a0000)]
  0x000000001ed92800 JavaThread "http-nio-8080-exec-3" daemon [_thread_blocked, id=15008, stack(0x00000000245a0000,0x00000000246a0000)]
  0x000000001ed90000 JavaThread "http-nio-8080-exec-2" daemon [_thread_blocked, id=2820, stack(0x00000000244a0000,0x00000000245a0000)]
  0x000000001ed8f800 JavaThread "http-nio-8080-exec-1" daemon [_thread_blocked, id=14628, stack(0x00000000243a0000,0x00000000244a0000)]
  0x000000001bfe1000 JavaThread "http-nio-8080-BlockPoller" daemon [_thread_in_native, id=4712, stack(0x0000000024160000,0x0000000024260000)]
  0x000000001bfdd800 JavaThread "Live Reload Server" daemon [_thread_in_native, id=7876, stack(0x0000000023e10000,0x0000000023f10000)]
  0x000000001bfdf000 JavaThread "File Watcher" daemon [_thread_blocked, id=15036, stack(0x0000000022ab0000,0x0000000022bb0000)]
  0x000000001bfe2800 JavaThread "task-1" [_thread_blocked, id=4632, stack(0x00000000224b0000,0x00000000225b0000)]
  0x000000001bfe4000 JavaThread "container-0" [_thread_blocked, id=9144, stack(0x00000000222b0000,0x00000000223b0000)]
  0x000000001bfe0800 JavaThread "Catalina-utility-2" [_thread_blocked, id=7624, stack(0x00000000221b0000,0x00000000222b0000)]
  0x000000001bfdf800 JavaThread "Catalina-utility-1" [_thread_blocked, id=7272, stack(0x00000000220b0000,0x00000000221b0000)]
  0x000000001bfe2000 JavaThread "HikariPool-1 housekeeper" daemon [_thread_blocked, id=14608, stack(0x000000001cdc0000,0x000000001cec0000)]
  0x0000000019d1f800 JavaThread "Service Thread" daemon [_thread_blocked, id=14280, stack(0x000000001a950000,0x000000001aa50000)]
  0x0000000019c89800 JavaThread "C1 CompilerThread3" daemon [_thread_blocked, id=5188, stack(0x000000001a850000,0x000000001a950000)]
  0x0000000019c81000 JavaThread "C2 CompilerThread2" daemon [_thread_in_native, id=11672, stack(0x000000001a750000,0x000000001a850000)]
=>0x0000000019c80800 JavaThread "C2 CompilerThread1" daemon [_thread_in_native, id=14180, stack(0x000000001a650000,0x000000001a750000)]
  0x0000000019c79800 JavaThread "C2 CompilerThread0" daemon [_thread_in_native, id=1880, stack(0x000000001a550000,0x000000001a650000)]
  0x0000000019c77800 JavaThread "Attach Listener" daemon [_thread_blocked, id=9168, stack(0x000000001a450000,0x000000001a550000)]
  0x0000000019c76000 JavaThread "Signal Dispatcher" daemon [_thread_blocked, id=3300, stack(0x000000001a350000,0x000000001a450000)]
  0x0000000019c60800 JavaThread "Finalizer" daemon [_thread_blocked, id=8488, stack(0x000000001a140000,0x000000001a240000)]
  0x0000000017e4d000 JavaThread "Reference Handler" daemon [_thread_blocked, id=13176, stack(0x000000001a040000,0x000000001a140000)]

Other Threads:
  0x000000000310e000 VMThread [stack: 0x0000000019b40000,0x0000000019c40000] [id=13772]
  0x0000000019d33000 WatcherThread [stack: 0x000000001abb0000,0x000000001acb0000] [id=2336]

VM state:not at safepoint (normal execution)

VM Mutex/Monitor currently owned by a thread: None

heap address: 0x0000000085800000, size: 1960 MB, Compressed Oops mode: 32-bit
Narrow klass base: 0x0000000000000000, Narrow klass shift: 3
Compressed class space size: 1073741824 Address: 0x0000000100000000

Heap:
 PSYoungGen      total 135680K, used 110641K [0x00000000d7300000, 0x00000000e0100000, 0x0000000100000000)
  eden space 126976K, 87% used [0x00000000d7300000,0x00000000ddf0c5a0,0x00000000def00000)
  from space 8704K, 0% used [0x00000000df880000,0x00000000df880000,0x00000000e0100000)
  to   space 9216K, 0% used [0x00000000def00000,0x00000000def00000,0x00000000df800000)
 ParOldGen       total 53760K, used 14795K [0x0000000085800000, 0x0000000088c80000, 0x00000000d7300000)
  object space 53760K, 27% used [0x0000000085800000,0x0000000086672d08,0x0000000088c80000)
 Metaspace       used 46726K, capacity 49004K, committed 49152K, reserved 1091584K
  class space    used 6165K, capacity 6562K, committed 6656K, reserved 1048576K

Card table byte_map: [0x00000000124d0000,0x00000000128b0000] byte_map_base: 0x00000000120a4000

Marking Bits: (ParMarkBitMap*) 0x000000007712be30
 Begin Bits: [0x0000000013340000, 0x00000000151e0000)
 End Bits:   [0x00000000151e0000, 0x0000000017080000)

Polling page: 0x0000000002e70000

CodeCache: size=245760Kb used=12959Kb max_used=13062Kb free=232800Kb
 bounds [0x0000000003110000, 0x0000000003de0000, 0x0000000012110000]
 total_blobs=4117 nmethods=3623 adapters=406
 compilation: enabled

Compilation events (10 events):
Event: 17.587 Thread 0x0000000019c89800 3695       1       java.util.Calendar::getFirstDayOfWeek (5 bytes)
Event: 17.587 Thread 0x0000000019c89800 nmethod 3695 0x0000000003dabd50 code [0x0000000003dabea0, 0x0000000003dabfb0]
Event: 17.587 Thread 0x0000000019c89800 3697       3       org.apache.tomcat.util.buf.Ascii::toLower (14 bytes)
Event: 17.587 Thread 0x0000000019c89800 nmethod 3697 0x0000000003dab990 code [0x0000000003dabae0, 0x0000000003dabc50]
Event: 17.587 Thread 0x0000000019c89800 3696       1       java.util.Calendar::getMinimalDaysInFirstWeek (5 bytes)
Event: 17.587 Thread 0x0000000019c89800 nmethod 3696 0x0000000003dab6d0 code [0x0000000003dab820, 0x0000000003dab930]
Event: 17.589 Thread 0x0000000019c89800 3698       3       java.lang.ThreadLocal$ThreadLocalMap::getEntryAfterMiss (63 bytes)
Event: 17.589 Thread 0x0000000019c89800 nmethod 3698 0x0000000003da6f90 code [0x0000000003da7120, 0x0000000003da7688]
Event: 17.589 Thread 0x0000000019c89800 3701       3       org.apache.tomcat.util.buf.AbstractChunk::getLength (10 bytes)
Event: 17.589 Thread 0x0000000019c89800 nmethod 3701 0x0000000003220590 code [0x00000000032206e0, 0x0000000003220830]

GC Heap History (10 events):
Event: 1.405 GC heap before
{Heap before GC invocations=6 (full 0):
 PSYoungGen      total 68608K, used 20604K [0x00000000d7300000, 0x00000000e0200000, 0x0000000100000000)
  eden space 63488K, 24% used [0x00000000d7300000,0x00000000d8223af0,0x00000000db100000)
  from space 5120K, 99% used [0x00000000db100000,0x00000000db5fb798,0x00000000db600000)
  to   space 9728K, 0% used [0x00000000df880000,0x00000000df880000,0x00000000e0200000)
 ParOldGen       total 84992K, used 5571K [0x0000000085800000, 0x000000008ab00000, 0x00000000d7300000)
  object space 84992K, 6% used [0x0000000085800000,0x0000000085d70e10,0x000000008ab00000)
 Metaspace       used 20264K, capacity 21082K, committed 21248K, reserved 1067008K
  class space    used 2506K, capacity 2702K, committed 2816K, reserved 1048576K
Event: 1.411 GC heap after
Heap after GC invocations=6 (full 0):
 PSYoungGen      total 135680K, used 5969K [0x00000000d7300000, 0x00000000e0100000, 0x0000000100000000)
  eden space 126976K, 0% used [0x00000000d7300000,0x00000000d7300000,0x00000000def00000)
  from space 8704K, 68% used [0x00000000df880000,0x00000000dfe54700,0x00000000e0100000)
  to   space 9216K, 0% used [0x00000000def00000,0x00000000def00000,0x00000000df800000)
 ParOldGen       total 84992K, used 5579K [0x0000000085800000, 0x000000008ab00000, 0x00000000d7300000)
  object space 84992K, 6% used [0x0000000085800000,0x0000000085d72e10,0x000000008ab00000)
 Metaspace       used 20264K, capacity 21082K, committed 21248K, reserved 1067008K
  class space    used 2506K, capacity 2702K, committed 2816K, reserved 1048576K
}
Event: 1.411 GC heap before
{Heap before GC invocations=7 (full 1):
 PSYoungGen      total 135680K, used 5969K [0x00000000d7300000, 0x00000000e0100000, 0x0000000100000000)
  eden space 126976K, 0% used [0x00000000d7300000,0x00000000d7300000,0x00000000def00000)
  from space 8704K, 68% used [0x00000000df880000,0x00000000dfe54700,0x00000000e0100000)
  to   space 9216K, 0% used [0x00000000def00000,0x00000000def00000,0x00000000df800000)
 ParOldGen       total 84992K, used 5579K [0x0000000085800000, 0x000000008ab00000, 0x00000000d7300000)
  object space 84992K, 6% used [0x0000000085800000,0x0000000085d72e10,0x000000008ab00000)
 Metaspace       used 20264K, capacity 21082K, committed 21248K, reserved 1067008K
  class space    used 2506K, capacity 2702K, committed 2816K, reserved 1048576K
Event: 1.437 GC heap after
Heap after GC invocations=7 (full 1):
 PSYoungGen      total 135680K, used 0K [0x00000000d7300000, 0x00000000e0100000, 0x0000000100000000)
  eden space 126976K, 0% used [0x00000000d7300000,0x00000000d7300000,0x00000000def00000)
  from space 8704K, 0% used [0x00000000df880000,0x00000000df880000,0x00000000e0100000)
  to   space 9216K, 0% used [0x00000000def00000,0x00000000def00000,0x00000000df800000)
 ParOldGen       total 53760K, used 5978K [0x0000000085800000, 0x0000000088c80000, 0x00000000d7300000)
  object space 53760K, 11% used [0x0000000085800000,0x0000000085dd6850,0x0000000088c80000)
 Metaspace       used 20264K, capacity 21082K, committed 21248K, reserved 1067008K
  class space    used 2506K, capacity 2702K, committed 2816K, reserved 1048576K
}
Event: 2.553 GC heap before
{Heap before GC invocations=8 (full 1):
 PSYoungGen      total 135680K, used 126976K [0x00000000d7300000, 0x00000000e0100000, 0x0000000100000000)
  eden space 126976K, 100% used [0x00000000d7300000,0x00000000def00000,0x00000000def00000)
  from space 8704K, 0% used [0x00000000df880000,0x00000000df880000,0x00000000e0100000)
  to   space 9216K, 0% used [0x00000000def00000,0x00000000def00000,0x00000000df800000)
 ParOldGen       total 53760K, used 5978K [0x0000000085800000, 0x0000000088c80000, 0x00000000d7300000)
  object space 53760K, 11% used [0x0000000085800000,0x0000000085dd6850,0x0000000088c80000)
 Metaspace       used 27278K, capacity 28900K, committed 29184K, reserved 1075200K
  class space    used 3455K, capacity 3745K, committed 3840K, reserved 1048576K
Event: 2.561 GC heap after
Heap after GC invocations=8 (full 1):
 PSYoungGen      total 136192K, used 9199K [0x00000000d7300000, 0x00000000e0100000, 0x0000000100000000)
  eden space 126976K, 0% used [0x00000000d7300000,0x00000000d7300000,0x00000000def00000)
  from space 9216K, 99% used [0x00000000def00000,0x00000000df7fbf10,0x00000000df800000)
  to   space 8704K, 0% used [0x00000000df880000,0x00000000df880000,0x00000000e0100000)
 ParOldGen       total 53760K, used 6324K [0x0000000085800000, 0x0000000088c80000, 0x00000000d7300000)
  object space 53760K, 11% used [0x0000000085800000,0x0000000085e2d070,0x0000000088c80000)
 Metaspace       used 27278K, capacity 28900K, committed 29184K, reserved 1075200K
  class space    used 3455K, capacity 3745K, committed 3840K, reserved 1048576K
}
Event: 3.122 GC heap before
{Heap before GC invocations=9 (full 1):
 PSYoungGen      total 136192K, used 76951K [0x00000000d7300000, 0x00000000e0100000, 0x0000000100000000)
  eden space 126976K, 53% used [0x00000000d7300000,0x00000000db529fb0,0x00000000def00000)
  from space 9216K, 99% used [0x00000000def00000,0x00000000df7fbf10,0x00000000df800000)
  to   space 8704K, 0% used [0x00000000df880000,0x00000000df880000,0x00000000e0100000)
 ParOldGen       total 53760K, used 6324K [0x0000000085800000, 0x0000000088c80000, 0x00000000d7300000)
  object space 53760K, 11% used [0x0000000085800000,0x0000000085e2d070,0x0000000088c80000)
 Metaspace       used 33536K, capacity 35276K, committed 35416K, reserved 1081344K
  class space    used 4204K, capacity 4499K, committed 4608K, reserved 1048576K
Event: 3.131 GC heap after
Heap after GC invocations=9 (full 1):
 PSYoungGen      total 135680K, used 8699K [0x00000000d7300000, 0x00000000e0100000, 0x0000000100000000)
  eden space 126976K, 0% used [0x00000000d7300000,0x00000000d7300000,0x00000000def00000)
  from space 8704K, 99% used [0x00000000df880000,0x00000000e00feed0,0x00000000e0100000)
  to   space 9216K, 0% used [0x00000000def00000,0x00000000def00000,0x00000000df800000)
 ParOldGen       total 53760K, used 7878K [0x0000000085800000, 0x0000000088c80000, 0x00000000d7300000)
  object space 53760K, 14% used [0x0000000085800000,0x0000000085fb1b98,0x0000000088c80000)
 Metaspace       used 33536K, capacity 35276K, committed 35416K, reserved 1081344K
  class space    used 4204K, capacity 4499K, committed 4608K, reserved 1048576K
}
Event: 3.131 GC heap before
{Heap before GC invocations=10 (full 2):
 PSYoungGen      total 135680K, used 8699K [0x00000000d7300000, 0x00000000e0100000, 0x0000000100000000)
  eden space 126976K, 0% used [0x00000000d7300000,0x00000000d7300000,0x00000000def00000)
  from space 8704K, 99% used [0x00000000df880000,0x00000000e00feed0,0x00000000e0100000)
  to   space 9216K, 0% used [0x00000000def00000,0x00000000def00000,0x00000000df800000)
 ParOldGen       total 53760K, used 7878K [0x0000000085800000, 0x0000000088c80000, 0x00000000d7300000)
  object space 53760K, 14% used [0x0000000085800000,0x0000000085fb1b98,0x0000000088c80000)
 Metaspace       used 33536K, capacity 35276K, committed 35416K, reserved 1081344K
  class space    used 4204K, capacity 4499K, committed 4608K, reserved 1048576K
Event: 3.188 GC heap after
Heap after GC invocations=10 (full 2):
 PSYoungGen      total 135680K, used 0K [0x00000000d7300000, 0x00000000e0100000, 0x0000000100000000)
  eden space 126976K, 0% used [0x00000000d7300000,0x00000000d7300000,0x00000000def00000)
  from space 8704K, 0% used [0x00000000df880000,0x00000000df880000,0x00000000e0100000)
  to   space 9216K, 0% used [0x00000000def00000,0x00000000def00000,0x00000000df800000)
 ParOldGen       total 53760K, used 14795K [0x0000000085800000, 0x0000000088c80000, 0x00000000d7300000)
  object space 53760K, 27% used [0x0000000085800000,0x0000000086672d08,0x0000000088c80000)
 Metaspace       used 33536K, capacity 35276K, committed 35416K, reserved 1081344K
  class space    used 4204K, capacity 4499K, committed 4608K, reserved 1048576K
}

Deoptimization events (10 events):
Event: 3.615 Thread 0x000000001b0d9800 Uncommon trap: reason=class_check action=maybe_recompile pc=0x00000000034c5dc4 method=org.springframework.boot.context.properties.source.ConfigurationPropertyName$Elements.charAt(II)C @ 43
Event: 3.615 Thread 0x000000001b0d9800 Uncommon trap: reason=class_check action=maybe_recompile pc=0x00000000034c5dc4 method=org.springframework.boot.context.properties.source.ConfigurationPropertyName$Elements.charAt(II)C @ 43
Event: 3.645 Thread 0x000000001b0d9800 Uncommon trap: reason=unstable_if action=reinterpret pc=0x00000000037495c8 method=java.util.concurrent.ConcurrentHashMap.transfer([Ljava/util/concurrent/ConcurrentHashMap$Node;[Ljava/util/concurrent/ConcurrentHashMap$Node;)V @ 356
Event: 3.696 Thread 0x000000001bfe2800 Uncommon trap: reason=bimorphic action=maybe_recompile pc=0x00000000037da8a4 method=java.lang.ClassLoader.loadClass(Ljava/lang/String;Z)Ljava/lang/Class; @ 70
Event: 3.770 Thread 0x000000001b0d9800 Uncommon trap: reason=unstable_if action=reinterpret pc=0x00000000038f10d8 method=org.springframework.util.ConcurrentReferenceHashMap$Segment.clear()V @ 7
Event: 4.053 Thread 0x000000001bfe2800 Uncommon trap: reason=unstable_if action=reinterpret pc=0x0000000003ab1df0 method=java.lang.Class$MethodArray.addIfNotPresent(Ljava/lang/reflect/Method;)V @ 19
Event: 4.053 Thread 0x000000001bfe2800 Uncommon trap: reason=unstable_if action=reinterpret pc=0x0000000003a4bccc method=java.lang.Class$MethodArray.addIfNotPresent(Ljava/lang/reflect/Method;)V @ 19
Event: 4.074 Thread 0x000000001bfe2800 Uncommon trap: reason=bimorphic action=maybe_recompile pc=0x00000000037da8a4 method=java.lang.ClassLoader.loadClass(Ljava/lang/String;Z)Ljava/lang/Class; @ 70
Event: 17.449 Thread 0x000000001ed92800 Uncommon trap: reason=unstable_if action=reinterpret pc=0x0000000003829a90 method=org.springframework.beans.factory.support.AbstractAutowireCapableBeanFactory.determineTargetType(Ljava/lang/String;Lorg/springframework/beans/factory/support/RootBeanDefinit
Event: 17.584 Thread 0x000000001ed92800 Uncommon trap: reason=unstable_if action=reinterpret pc=0x0000000003a476a0 method=java.util.Properties.load0(Ljava/util/Properties$LineReader;)V @ 80

Classes redefined (0 events):
No events

Internal exceptions (10 events):
Event: 3.234 Thread 0x000000001b0d9800 Exception <a 'java/lang/ClassNotFoundException': org/springframework/web/servlet/config/annotation/WebMvcConfigurationSupportCustomizer> (0x00000000d76f9208) thrown at [C:\ade\jenkins\workspace\8-2-build-windows-amd64-cygwin\jdk8u241\331\hotspot\src\share
Event: 3.235 Thread 0x000000001b0d9800 Exception <a 'java/lang/ClassNotFoundException': org/springframework/web/servlet/config/annotation/DelegatingWebMvcConfigurationCustomizer> (0x00000000d7727430) thrown at [C:\ade\jenkins\workspace\8-2-build-windows-amd64-cygwin\jdk8u241\331\hotspot\src\sh
Event: 3.236 Thread 0x000000001b0d9800 Exception <a 'java/lang/ClassNotFoundException': org/springframework/boot/autoconfigure/web/servlet/WebMvcAutoConfiguration$EnableWebMvcConfigurationCustomizer> (0x00000000d774a0d8) thrown at [C:\ade\jenkins\workspace\8-2-build-windows-amd64-cygwin\jdk8u2
Event: 3.237 Thread 0x000000001b0d9800 Exception <a 'java/lang/ClassNotFoundException': org/springframework/context/ResourceLoaderAwareCustomizer> (0x00000000d776d798) thrown at [C:\ade\jenkins\workspace\8-2-build-windows-amd64-cygwin\jdk8u241\331\hotspot\src\share\vm\classfile\systemDictionar
Event: 3.237 Thread 0x000000001b0d9800 Exception <a 'java/lang/ClassNotFoundException': org/springframework/beans/factory/AwareCustomizer> (0x00000000d777ef38) thrown at [C:\ade\jenkins\workspace\8-2-build-windows-amd64-cygwin\jdk8u241\331\hotspot\src\share\vm\classfile\systemDictionary.cpp, l
Event: 3.237 Thread 0x000000001b0d9800 Exception <a 'java/lang/ClassNotFoundException': org/springframework/context/ApplicationContextAwareCustomizer> (0x00000000d77921d0) thrown at [C:\ade\jenkins\workspace\8-2-build-windows-amd64-cygwin\jdk8u241\331\hotspot\src\share\vm\classfile\systemDicti
Event: 3.238 Thread 0x000000001b0d9800 Exception <a 'java/lang/ClassNotFoundException': org/springframework/beans/factory/AwareCustomizer> (0x00000000d77a3f78) thrown at [C:\ade\jenkins\workspace\8-2-build-windows-amd64-cygwin\jdk8u241\331\hotspot\src\share\vm\classfile\systemDictionary.cpp, l
Event: 3.238 Thread 0x000000001b0d9800 Exception <a 'java/lang/ClassNotFoundException': org/springframework/web/context/ServletContextAwareCustomizer> (0x00000000d77b71a0) thrown at [C:\ade\jenkins\workspace\8-2-build-windows-amd64-cygwin\jdk8u241\331\hotspot\src\share\vm\classfile\systemDicti
Event: 3.239 Thread 0x000000001b0d9800 Exception <a 'java/lang/ClassNotFoundException': org/springframework/beans/factory/AwareCustomizer> (0x00000000d77c89b8) thrown at [C:\ade\jenkins\workspace\8-2-build-windows-amd64-cygwin\jdk8u241\331\hotspot\src\share\vm\classfile\systemDictionary.cpp, l
Event: 3.543 Thread 0x000000001b0d9800 Exception <a 'java/lang/IncompatibleClassChangeError': Found class java.lang.Object, but interface was expected> (0x00000000d9b0dfe8) thrown at [C:\ade\jenkins\workspace\8-2-build-windows-amd64-cygwin\jdk8u241\331\hotspot\src\share\vm\interpreter\linkReso

Events (10 events):
Event: 17.589 Thread 0x0000000019c89800 flushing nmethod 0x00000000032a7a10
Event: 17.589 Thread 0x0000000019c89800 flushing nmethod 0x00000000032b9190
Event: 17.589 Thread 0x0000000019c89800 flushing nmethod 0x00000000032c0bd0
Event: 17.589 Thread 0x0000000019c89800 flushing nmethod 0x00000000032c20d0
Event: 17.589 Thread 0x0000000019c89800 flushing nmethod 0x00000000032dd7d0
Event: 17.589 Thread 0x0000000019c89800 flushing nmethod 0x00000000032ebf50
Event: 17.589 Thread 0x0000000019c89800 flushing nmethod 0x00000000032f4950
Event: 17.589 Thread 0x0000000019c89800 flushing nmethod 0x000000000330f850
Event: 17.590 loading class org/apache/tomcat/util/net/NioBlockingSelector$BlockPoller$RunnableRemove
Event: 17.590 loading class org/apache/tomcat/util/net/NioBlockingSelector$BlockPoller$RunnableRemove done


Dynamic libraries:
0x00007ff695a40000 - 0x00007ff695a77000 	C:\Program Files\Java\jdk1.8.0_241\bin\javaw.exe
0x00007ffffb990000 - 0x00007ffffbb86000 	C:\WINDOWS\SYSTEM32\ntdll.dll
0x00007ffffadd0000 - 0x00007ffffae8d000 	C:\WINDOWS\System32\KERNEL32.DLL
0x00007ffff9450000 - 0x00007ffff9718000 	C:\WINDOWS\System32\KERNELBASE.dll
0x00007ffffab40000 - 0x00007ffffabea000 	C:\WINDOWS\System32\ADVAPI32.dll
0x00007ffffb070000 - 0x00007ffffb10e000 	C:\WINDOWS\System32\msvcrt.dll
0x00007ffffb890000 - 0x00007ffffb92b000 	C:\WINDOWS\System32\sechost.dll
0x00007ffffb470000 - 0x00007ffffb594000 	C:\WINDOWS\System32\RPCRT4.dll
0x00007ffffa6e0000 - 0x00007ffffa880000 	C:\WINDOWS\System32\USER32.dll
0x00007ffff9770000 - 0x00007ffff9792000 	C:\WINDOWS\System32\win32u.dll
0x00007ffffae90000 - 0x00007ffffaeba000 	C:\WINDOWS\System32\GDI32.dll
0x00007ffff91e0000 - 0x00007ffff92e9000 	C:\WINDOWS\System32\gdi32full.dll
0x00007ffff9800000 - 0x00007ffff989d000 	C:\WINDOWS\System32\msvcp_win.dll
0x00007ffff90e0000 - 0x00007ffff91e0000 	C:\WINDOWS\System32\ucrtbase.dll
0x00007fffd3340000 - 0x00007fffd35db000 	C:\WINDOWS\WinSxS\amd64_microsoft.windows.common-controls_6595b64144ccf1df_6.0.19041.488_none_ca04af081b815d21\COMCTL32.dll
0x00007ffffaa90000 - 0x00007ffffaac0000 	C:\WINDOWS\System32\IMM32.DLL
0x0000000050000000 - 0x00000000500d2000 	C:\Program Files\Java\jdk1.8.0_241\jre\bin\msvcr100.dll
0x0000000076900000 - 0x00000000771ac000 	C:\Program Files\Java\jdk1.8.0_241\jre\bin\server\jvm.dll
0x00007ffffabf0000 - 0x00007ffffabf8000 	C:\WINDOWS\System32\PSAPI.DLL
0x00007ffff02a0000 - 0x00007ffff02aa000 	C:\WINDOWS\SYSTEM32\VERSION.dll
0x00007fffe8e20000 - 0x00007fffe8e47000 	C:\WINDOWS\SYSTEM32\WINMM.dll
0x00007ffff39d0000 - 0x00007ffff39d9000 	C:\WINDOWS\SYSTEM32\WSOCK32.dll
0x00007ffffaf20000 - 0x00007ffffaf8b000 	C:\WINDOWS\System32\WS2_32.dll
0x00007ffff38a0000 - 0x00007ffff38af000 	C:\Program Files\Java\jdk1.8.0_241\jre\bin\verify.dll
0x00007fffdcb90000 - 0x00007fffdcbb9000 	C:\Program Files\Java\jdk1.8.0_241\jre\bin\java.dll
0x00007ffff0de0000 - 0x00007ffff0df6000 	C:\Program Files\Java\jdk1.8.0_241\jre\bin\zip.dll
0x00007ffff9f40000 - 0x00007ffffa680000 	C:\WINDOWS\System32\SHELL32.dll
0x00007ffff71d0000 - 0x00007ffff7964000 	C:\WINDOWS\SYSTEM32\windows.storage.dll
0x00007ffffb110000 - 0x00007ffffb465000 	C:\WINDOWS\System32\combase.dll
0x00007ffff8a80000 - 0x00007ffff8aac000 	C:\WINDOWS\SYSTEM32\Wldp.dll
0x00007ffffb7d0000 - 0x00007ffffb87e000 	C:\WINDOWS\System32\SHCORE.dll
0x00007ffffaec0000 - 0x00007ffffaf15000 	C:\WINDOWS\System32\shlwapi.dll
0x00007ffff9010000 - 0x00007ffff9036000 	C:\WINDOWS\SYSTEM32\profapi.dll
0x00007ffff3170000 - 0x00007ffff317d000 	C:\Program Files\Java\jdk1.8.0_241\jre\bin\management.dll
0x00007ffff2660000 - 0x00007ffff267a000 	C:\Program Files\Java\jdk1.8.0_241\jre\bin\net.dll
0x00007ffff8870000 - 0x00007ffff88da000 	C:\WINDOWS\system32\mswsock.dll
0x00007fffeee80000 - 0x00007fffeee97000 	C:\WINDOWS\system32\napinsp.dll
0x00007fffda3b0000 - 0x00007fffda3cb000 	C:\WINDOWS\system32\pnrpnsp.dll
0x00007fffda900000 - 0x00007fffda915000 	C:\WINDOWS\system32\wshbth.dll
0x00007ffff24b0000 - 0x00007ffff24cd000 	C:\WINDOWS\system32\NLAapi.dll
0x00007ffff8530000 - 0x00007ffff856b000 	C:\WINDOWS\SYSTEM32\IPHLPAPI.DLL
0x00007ffff8570000 - 0x00007ffff863b000 	C:\WINDOWS\SYSTEM32\DNSAPI.dll
0x00007ffffb880000 - 0x00007ffffb889000 	C:\WINDOWS\System32\NSI.dll
0x00007fffd93e0000 - 0x00007fffd93f2000 	C:\WINDOWS\System32\winrnr.dll
0x00007fffe8910000 - 0x00007fffe891a000 	C:\Windows\System32\rasadhlp.dll
0x00007fffe89c0000 - 0x00007fffe8a3f000 	C:\WINDOWS\System32\fwpuclnt.dll
0x00007ffff93a0000 - 0x00007ffff93c7000 	C:\WINDOWS\System32\bcrypt.dll
0x00007ffff2540000 - 0x00007ffff2552000 	C:\Program Files\Java\jdk1.8.0_241\jre\bin\nio.dll
0x00007ffff8db0000 - 0x00007ffff8dc8000 	C:\WINDOWS\SYSTEM32\CRYPTSP.dll
0x00007ffff81b0000 - 0x00007ffff81e4000 	C:\WINDOWS\system32\rsaenh.dll
0x00007ffff8fd0000 - 0x00007ffff8ffe000 	C:\WINDOWS\SYSTEM32\USERENV.dll
0x00007ffff93d0000 - 0x00007ffff944f000 	C:\WINDOWS\System32\bcryptprimitives.dll
0x00007ffff89f0000 - 0x00007ffff89fc000 	C:\WINDOWS\SYSTEM32\CRYPTBASE.dll
0x00007ffff13f0000 - 0x00007ffff1407000 	C:\WINDOWS\SYSTEM32\dhcpcsvc6.DLL
0x00007ffff1b00000 - 0x00007ffff1b1d000 	C:\WINDOWS\SYSTEM32\dhcpcsvc.DLL

VM Arguments:
jvm_args: -Dfile.encoding=Cp1252 
java_command: br.com.guiabolso.api.ApiApplication
java_class_path (initial): C:\Users\Cintia Neves\Downloads\api\bin\main;C:\Users\Cintia Neves\.gradle\caches\modules-2\files-2.1\org.springframework.boot\spring-boot-starter-data-jpa\2.3.4.RELEASE\a8b9828649248d762d1d3fc6898c8d7e471e1a8e\spring-boot-starter-data-jpa-2.3.4.RELEASE.jar;C:\Users\Cintia Neves\.gradle\caches\modules-2\files-2.1\org.springframework.boot\spring-boot-starter-web\2.3.4.RELEASE\fe00611add5307c1f25f955b5229b7dddaaa2ff4\spring-boot-starter-web-2.3.4.RELEASE.jar;C:\Users\Cintia Neves\.gradle\caches\modules-2\files-2.1\org.springframework.boot\spring-boot-starter-aop\2.3.4.RELEASE\d3f6346c22a693830f2b7099b8a2dd531f771a4b\spring-boot-starter-aop-2.3.4.RELEASE.jar;C:\Users\Cintia Neves\.gradle\caches\modules-2\files-2.1\org.springframework.boot\spring-boot-starter-jdbc\2.3.4.RELEASE\77ca3fe49c6f9bb62fec474ebfc0c529bf048fd4\spring-boot-starter-jdbc-2.3.4.RELEASE.jar;C:\Users\Cintia Neves\.gradle\caches\modules-2\files-2.1\jakarta.transaction\jakarta.transaction-api\1.3.3\c4179d48720a1e87202115fbed6089bdc4195405\jakarta.transaction-api-1.3.3.jar;C:\Users\Cintia Neves\.gradle\caches\modules-2\files-2.1\jakarta.persistence\jakarta.persistence-api\2.2.3\8f6ea5daedc614f07a3654a455660145286f024e\jakarta.persistence-api-2.2.3.jar;C:\Users\Cintia Neves\.gradle\caches\modules-2\files-2.1\org.hibernate\hibernate-core\5.4.21.Final\7cc737047ce084bf732adbb7f4064a16fd26229a\hibernate-core-5.4.21.Final.jar;C:\Users\Cintia Neves\.gradle\caches\modules-2\files-2.1\org.springframework.data\spring-data-jpa\2.3.4.RELEASE\d564e9ce9bf4dd6183dd417625efa97e4a13f4ac\spring-data-jpa-2.3.4.RELEASE.jar;C:\Users\Cintia Neves\.gradle\caches\modules-2\files-2.1\org.springframework\spring-aspects\5.2.9.RELEASE\6726b662c862e8bf297c9251e7851fbc9fe01d84\spring-aspects-5.2.9.RELEASE.jar;C:\Users\Cintia Neves\.gradle\caches\modules-2\files-2.1\org.springframework.boot\spring-boot-starter-json\2.3.4.RELEASE\1fac4d2fa9d2827e5e7a2c11ccc50f8dea2e95b\spring-boot-starter-json-2.3.4.RELEASE
Launcher Type: SUN_STANDARD

Environment Variables:
JAVA_HOME=C:\Program Files\Java\jre1.8.0_241
PATH=C:/Program Files/Java/jdk1.8.0_241/bin/../jre/bin/server;C:/Program Files/Java/jdk1.8.0_241/bin/../jre/bin;C:/Program Files/Java/jdk1.8.0_241/bin/../jre/lib/amd64;C:\Program Files (x86)\Common Files\Oracle\Java\javapath;C:\Program Files\Java\jre1.8.0_241\bin;C:\WINDOWS\system32;C:\WINDOWS;C:\WINDOWS\System32\Wbem;C:\WINDOWS\System32\WindowsPowerShell\v1.0\;C:\WINDOWS\System32\OpenSSH\;C:\Program Files (x86)\Microsoft SQL Server\150\DTS\Binn\;C:\Program Files\Intel\WiFi\bin\;C:\Program Files\Common Files\Intel\WirelessCommon\;C:\Program Files\dotnet\;C:\Program Files\Microsoft SQL Server\130\Tools\Binn\;C:\Program Files\Microsoft SQL Server\Client SDK\ODBC\170\Tools\Binn\;C:\ProgramData\chocolatey\bin;C:\Program Files\nodejs\;C:\Program Files (x86)\Microsoft SQL Server\150\Tools\Binn\;C:\Program Files\Microsoft SQL Server\150\Tools\Binn\;C:\Program Files\Microsoft SQL Server\150\DTS\Binn\;C:\Program Files\Git\cmd;C:\Program Files (x86)\Calibre2\;C:\Program Files\Docker\Docker\resources\bin;C:\ProgramData\DockerDesktop\version-bin;C:\Users\Cintia Neves\AppData\Local\Microsoft\WindowsApps;C:\Users\Cintia Neves\AppData\Local\Programs\Microsoft VS Code\bin;C:\Users\Cintia Neves\AppData\Roaming\npm;C:\Program Files\Java\jdk1.8.0_241\bin;C:\Program Files\heroku\bin;C:\Users\Cintia Neves\Documents\IDM Computer Solutions\UltraEdit;C:\Users\Cintia Neves\eclipse\jee-2019-12\eclipse;
USERNAME=Cintia Neves
OS=Windows_NT
PROCESSOR_IDENTIFIER=Intel64 Family 6 Model 142 Stepping 10, GenuineIntel



---------------  S Y S T E M  ---------------

OS: Windows 10.0 , 64 bit Build 19041 (10.0.19041.546)

CPU:total 8 (initial active 8) (4 cores per cpu, 2 threads per core) family 6 model 142 stepping 10, cmov, cx8, fxsr, mmx, sse, sse2, sse3, ssse3, sse4.1, sse4.2, popcnt, avx, avx2, aes, clmul, erms, rtm, 3dnowpref, lzcnt, ht, tsc, tscinvbit, bmi1, bmi2, adx

Memory: 4k page, physical 8022412k(783956k free), swap 9942412k(5232k free)

vm_info: Java HotSpot(TM) 64-Bit Server VM (25.241-b07) for windows-amd64 JRE (1.8.0_241-b07), built on Dec 11 2019 10:21:40 by "rejava" with MS VC++ 10.0 (VS2010)

time: Fri Oct 16 12:26:11 2020
timezone: Hora oficial do Brasil
elapsed time: 17 seconds (0d 0h 0m 17s)

